<?xml version="1.0" encoding="UTF-8"?>
<testsuite xmlns:xsi="http://www.w3.org/2001/XMLSchema-instance" xsi:noNamespaceSchemaLocation="https://maven.apache.org/surefire/maven-surefire-plugin/xsd/surefire-test-report.xsd" version="3.0.2" name="br.com.libraryfree.library_free.integration.LivroIntegrationTests" time="5.719" tests="12" errors="0" skipped="0" failures="0">
  <properties>
    <property name="java.specification.version" value="24"/>
    <property name="sun.jnu.encoding" value="UTF-8"/>
    <property name="java.class.path" value="/home/Joao/Documentos/PI/Minha-Biblioteca/backend/target/test-classes:/home/Joao/Documentos/PI/Minha-Biblioteca/backend/target/classes:/home/Joao/.m2/repository/org/springframework/boot/spring-boot-starter-security/3.5.3/spring-boot-starter-security-3.5.3.jar:/home/Joao/.m2/repository/org/springframework/boot/spring-boot-starter/3.5.3/spring-boot-starter-3.5.3.jar:/home/Joao/.m2/repository/org/springframework/boot/spring-boot/3.5.3/spring-boot-3.5.3.jar:/home/Joao/.m2/repository/org/springframework/boot/spring-boot-autoconfigure/3.5.3/spring-boot-autoconfigure-3.5.3.jar:/home/Joao/.m2/repository/org/springframework/boot/spring-boot-starter-logging/3.5.3/spring-boot-starter-logging-3.5.3.jar:/home/Joao/.m2/repository/ch/qos/logback/logback-classic/1.5.18/logback-classic-1.5.18.jar:/home/Joao/.m2/repository/ch/qos/logback/logback-core/1.5.18/logback-core-1.5.18.jar:/home/Joao/.m2/repository/org/apache/logging/log4j/log4j-to-slf4j/2.24.3/log4j-to-slf4j-2.24.3.jar:/home/Joao/.m2/repository/org/apache/logging/log4j/log4j-api/2.24.3/log4j-api-2.24.3.jar:/home/Joao/.m2/repository/org/slf4j/jul-to-slf4j/2.0.17/jul-to-slf4j-2.0.17.jar:/home/Joao/.m2/repository/jakarta/annotation/jakarta.annotation-api/2.1.1/jakarta.annotation-api-2.1.1.jar:/home/Joao/.m2/repository/org/yaml/snakeyaml/2.4/snakeyaml-2.4.jar:/home/Joao/.m2/repository/org/springframework/spring-aop/6.2.8/spring-aop-6.2.8.jar:/home/Joao/.m2/repository/org/springframework/spring-beans/6.2.8/spring-beans-6.2.8.jar:/home/Joao/.m2/repository/org/springframework/security/spring-security-config/6.5.1/spring-security-config-6.5.1.jar:/home/Joao/.m2/repository/org/springframework/spring-context/6.2.8/spring-context-6.2.8.jar:/home/Joao/.m2/repository/org/springframework/security/spring-security-web/6.5.1/spring-security-web-6.5.1.jar:/home/Joao/.m2/repository/org/springframework/spring-expression/6.2.8/spring-expression-6.2.8.jar:/home/Joao/.m2/repository/org/springframework/boot/spring-boot-starter-data-jpa/3.5.3/spring-boot-starter-data-jpa-3.5.3.jar:/home/Joao/.m2/repository/org/springframework/boot/spring-boot-starter-jdbc/3.5.3/spring-boot-starter-jdbc-3.5.3.jar:/home/Joao/.m2/repository/com/zaxxer/HikariCP/6.3.0/HikariCP-6.3.0.jar:/home/Joao/.m2/repository/org/springframework/spring-jdbc/6.2.8/spring-jdbc-6.2.8.jar:/home/Joao/.m2/repository/org/hibernate/orm/hibernate-core/6.6.18.Final/hibernate-core-6.6.18.Final.jar:/home/Joao/.m2/repository/jakarta/persistence/jakarta.persistence-api/3.1.0/jakarta.persistence-api-3.1.0.jar:/home/Joao/.m2/repository/jakarta/transaction/jakarta.transaction-api/2.0.1/jakarta.transaction-api-2.0.1.jar:/home/Joao/.m2/repository/org/jboss/logging/jboss-logging/3.6.1.Final/jboss-logging-3.6.1.Final.jar:/home/Joao/.m2/repository/org/hibernate/common/hibernate-commons-annotations/7.0.3.Final/hibernate-commons-annotations-7.0.3.Final.jar:/home/Joao/.m2/repository/io/smallrye/jandex/3.2.0/jandex-3.2.0.jar:/home/Joao/.m2/repository/com/fasterxml/classmate/1.7.0/classmate-1.7.0.jar:/home/Joao/.m2/repository/net/bytebuddy/byte-buddy/1.17.6/byte-buddy-1.17.6.jar:/home/Joao/.m2/repository/org/glassfish/jaxb/jaxb-runtime/4.0.5/jaxb-runtime-4.0.5.jar:/home/Joao/.m2/repository/org/glassfish/jaxb/jaxb-core/4.0.5/jaxb-core-4.0.5.jar:/home/Joao/.m2/repository/org/eclipse/angus/angus-activation/2.0.2/angus-activation-2.0.2.jar:/home/Joao/.m2/repository/org/glassfish/jaxb/txw2/4.0.5/txw2-4.0.5.jar:/home/Joao/.m2/repository/com/sun/istack/istack-commons-runtime/4.1.2/istack-commons-runtime-4.1.2.jar:/home/Joao/.m2/repository/jakarta/inject/jakarta.inject-api/2.0.1/jakarta.inject-api-2.0.1.jar:/home/Joao/.m2/repository/org/antlr/antlr4-runtime/4.13.0/antlr4-runtime-4.13.0.jar:/home/Joao/.m2/repository/org/springframework/data/spring-data-jpa/3.5.1/spring-data-jpa-3.5.1.jar:/home/Joao/.m2/repository/org/springframework/data/spring-data-commons/3.5.1/spring-data-commons-3.5.1.jar:/home/Joao/.m2/repository/org/springframework/spring-orm/6.2.8/spring-orm-6.2.8.jar:/home/Joao/.m2/repository/org/springframework/spring-tx/6.2.8/spring-tx-6.2.8.jar:/home/Joao/.m2/repository/org/slf4j/slf4j-api/2.0.17/slf4j-api-2.0.17.jar:/home/Joao/.m2/repository/org/springframework/spring-aspects/6.2.8/spring-aspects-6.2.8.jar:/home/Joao/.m2/repository/org/aspectj/aspectjweaver/1.9.24/aspectjweaver-1.9.24.jar:/home/Joao/.m2/repository/com/h2database/h2/2.3.232/h2-2.3.232.jar:/home/Joao/.m2/repository/org/springframework/boot/spring-boot-starter-validation/3.5.3/spring-boot-starter-validation-3.5.3.jar:/home/Joao/.m2/repository/org/apache/tomcat/embed/tomcat-embed-el/10.1.42/tomcat-embed-el-10.1.42.jar:/home/Joao/.m2/repository/org/hibernate/validator/hibernate-validator/8.0.2.Final/hibernate-validator-8.0.2.Final.jar:/home/Joao/.m2/repository/jakarta/validation/jakarta.validation-api/3.0.2/jakarta.validation-api-3.0.2.jar:/home/Joao/.m2/repository/org/springframework/boot/spring-boot-starter-web/3.5.3/spring-boot-starter-web-3.5.3.jar:/home/Joao/.m2/repository/org/springframework/boot/spring-boot-starter-json/3.5.3/spring-boot-starter-json-3.5.3.jar:/home/Joao/.m2/repository/com/fasterxml/jackson/core/jackson-databind/2.19.1/jackson-databind-2.19.1.jar:/home/Joao/.m2/repository/com/fasterxml/jackson/core/jackson-annotations/2.19.1/jackson-annotations-2.19.1.jar:/home/Joao/.m2/repository/com/fasterxml/jackson/core/jackson-core/2.19.1/jackson-core-2.19.1.jar:/home/Joao/.m2/repository/com/fasterxml/jackson/datatype/jackson-datatype-jdk8/2.19.1/jackson-datatype-jdk8-2.19.1.jar:/home/Joao/.m2/repository/com/fasterxml/jackson/datatype/jackson-datatype-jsr310/2.19.1/jackson-datatype-jsr310-2.19.1.jar:/home/Joao/.m2/repository/com/fasterxml/jackson/module/jackson-module-parameter-names/2.19.1/jackson-module-parameter-names-2.19.1.jar:/home/Joao/.m2/repository/org/springframework/boot/spring-boot-starter-tomcat/3.5.3/spring-boot-starter-tomcat-3.5.3.jar:/home/Joao/.m2/repository/org/apache/tomcat/embed/tomcat-embed-core/10.1.42/tomcat-embed-core-10.1.42.jar:/home/Joao/.m2/repository/org/apache/tomcat/embed/tomcat-embed-websocket/10.1.42/tomcat-embed-websocket-10.1.42.jar:/home/Joao/.m2/repository/org/springframework/spring-web/6.2.8/spring-web-6.2.8.jar:/home/Joao/.m2/repository/io/micrometer/micrometer-observation/1.15.1/micrometer-observation-1.15.1.jar:/home/Joao/.m2/repository/io/micrometer/micrometer-commons/1.15.1/micrometer-commons-1.15.1.jar:/home/Joao/.m2/repository/org/springframework/spring-webmvc/6.2.8/spring-webmvc-6.2.8.jar:/home/Joao/.m2/repository/org/projectlombok/lombok/1.18.38/lombok-1.18.38.jar:/home/Joao/.m2/repository/org/springframework/boot/spring-boot-starter-test/3.5.3/spring-boot-starter-test-3.5.3.jar:/home/Joao/.m2/repository/org/springframework/boot/spring-boot-test/3.5.3/spring-boot-test-3.5.3.jar:/home/Joao/.m2/repository/org/springframework/boot/spring-boot-test-autoconfigure/3.5.3/spring-boot-test-autoconfigure-3.5.3.jar:/home/Joao/.m2/repository/com/jayway/jsonpath/json-path/2.9.0/json-path-2.9.0.jar:/home/Joao/.m2/repository/jakarta/xml/bind/jakarta.xml.bind-api/4.0.2/jakarta.xml.bind-api-4.0.2.jar:/home/Joao/.m2/repository/jakarta/activation/jakarta.activation-api/2.1.3/jakarta.activation-api-2.1.3.jar:/home/Joao/.m2/repository/net/minidev/json-smart/2.5.2/json-smart-2.5.2.jar:/home/Joao/.m2/repository/net/minidev/accessors-smart/2.5.2/accessors-smart-2.5.2.jar:/home/Joao/.m2/repository/org/ow2/asm/asm/9.7.1/asm-9.7.1.jar:/home/Joao/.m2/repository/org/assertj/assertj-core/3.27.3/assertj-core-3.27.3.jar:/home/Joao/.m2/repository/org/awaitility/awaitility/4.2.2/awaitility-4.2.2.jar:/home/Joao/.m2/repository/org/hamcrest/hamcrest/3.0/hamcrest-3.0.jar:/home/Joao/.m2/repository/org/junit/jupiter/junit-jupiter/5.12.2/junit-jupiter-5.12.2.jar:/home/Joao/.m2/repository/org/junit/jupiter/junit-jupiter-api/5.12.2/junit-jupiter-api-5.12.2.jar:/home/Joao/.m2/repository/org/opentest4j/opentest4j/1.3.0/opentest4j-1.3.0.jar:/home/Joao/.m2/repository/org/junit/platform/junit-platform-commons/1.12.2/junit-platform-commons-1.12.2.jar:/home/Joao/.m2/repository/org/apiguardian/apiguardian-api/1.1.2/apiguardian-api-1.1.2.jar:/home/Joao/.m2/repository/org/junit/jupiter/junit-jupiter-params/5.12.2/junit-jupiter-params-5.12.2.jar:/home/Joao/.m2/repository/org/junit/jupiter/junit-jupiter-engine/5.12.2/junit-jupiter-engine-5.12.2.jar:/home/Joao/.m2/repository/org/junit/platform/junit-platform-engine/1.12.2/junit-platform-engine-1.12.2.jar:/home/Joao/.m2/repository/org/mockito/mockito-core/5.17.0/mockito-core-5.17.0.jar:/home/Joao/.m2/repository/net/bytebuddy/byte-buddy-agent/1.17.6/byte-buddy-agent-1.17.6.jar:/home/Joao/.m2/repository/org/objenesis/objenesis/3.3/objenesis-3.3.jar:/home/Joao/.m2/repository/org/mockito/mockito-junit-jupiter/5.17.0/mockito-junit-jupiter-5.17.0.jar:/home/Joao/.m2/repository/org/skyscreamer/jsonassert/1.5.3/jsonassert-1.5.3.jar:/home/Joao/.m2/repository/com/vaadin/external/google/android-json/0.0.20131108.vaadin1/android-json-0.0.20131108.vaadin1.jar:/home/Joao/.m2/repository/org/springframework/spring-core/6.2.8/spring-core-6.2.8.jar:/home/Joao/.m2/repository/org/springframework/spring-jcl/6.2.8/spring-jcl-6.2.8.jar:/home/Joao/.m2/repository/org/springframework/spring-test/6.2.8/spring-test-6.2.8.jar:/home/Joao/.m2/repository/org/xmlunit/xmlunit-core/2.10.2/xmlunit-core-2.10.2.jar:/home/Joao/.m2/repository/org/springframework/security/spring-security-test/6.5.1/spring-security-test-6.5.1.jar:/home/Joao/.m2/repository/org/springframework/security/spring-security-core/6.5.1/spring-security-core-6.5.1.jar:/home/Joao/.m2/repository/org/springframework/security/spring-security-crypto/6.5.1/spring-security-crypto-6.5.1.jar:/home/Joao/.m2/repository/org/mariadb/jdbc/mariadb-java-client/3.5.4/mariadb-java-client-3.5.4.jar:"/>
    <property name="java.vm.vendor" value="Arch Linux"/>
    <property name="sun.arch.data.model" value="64"/>
    <property name="catalina.useNaming" value="false"/>
    <property name="java.vendor.url" value="https://openjdk.org/"/>
    <property name="user.timezone" value="America/Sao_Paulo"/>
    <property name="org.jboss.logging.provider" value="slf4j"/>
    <property name="os.name" value="Linux"/>
    <property name="java.vm.specification.version" value="24"/>
    <property name="APPLICATION_NAME" value="library-free"/>
    <property name="sun.java.launcher" value="SUN_STANDARD"/>
    <property name="user.country" value="BR"/>
    <property name="sun.boot.library.path" value="/usr/lib/jvm/java-24-openjdk/lib"/>
    <property name="sun.java.command" value="/home/Joao/Documentos/PI/Minha-Biblioteca/backend/target/surefire/surefirebooter-20250806160920856_3.jar /home/Joao/Documentos/PI/Minha-Biblioteca/backend/target/surefire 2025-08-06T16-09-20_747-jvmRun1 surefire-20250806160920856_1tmp surefire_0-20250806160920856_2tmp"/>
    <property name="jdk.debug" value="release"/>
    <property name="surefire.test.class.path" value="/home/Joao/Documentos/PI/Minha-Biblioteca/backend/target/test-classes:/home/Joao/Documentos/PI/Minha-Biblioteca/backend/target/classes:/home/Joao/.m2/repository/org/springframework/boot/spring-boot-starter-security/3.5.3/spring-boot-starter-security-3.5.3.jar:/home/Joao/.m2/repository/org/springframework/boot/spring-boot-starter/3.5.3/spring-boot-starter-3.5.3.jar:/home/Joao/.m2/repository/org/springframework/boot/spring-boot/3.5.3/spring-boot-3.5.3.jar:/home/Joao/.m2/repository/org/springframework/boot/spring-boot-autoconfigure/3.5.3/spring-boot-autoconfigure-3.5.3.jar:/home/Joao/.m2/repository/org/springframework/boot/spring-boot-starter-logging/3.5.3/spring-boot-starter-logging-3.5.3.jar:/home/Joao/.m2/repository/ch/qos/logback/logback-classic/1.5.18/logback-classic-1.5.18.jar:/home/Joao/.m2/repository/ch/qos/logback/logback-core/1.5.18/logback-core-1.5.18.jar:/home/Joao/.m2/repository/org/apache/logging/log4j/log4j-to-slf4j/2.24.3/log4j-to-slf4j-2.24.3.jar:/home/Joao/.m2/repository/org/apache/logging/log4j/log4j-api/2.24.3/log4j-api-2.24.3.jar:/home/Joao/.m2/repository/org/slf4j/jul-to-slf4j/2.0.17/jul-to-slf4j-2.0.17.jar:/home/Joao/.m2/repository/jakarta/annotation/jakarta.annotation-api/2.1.1/jakarta.annotation-api-2.1.1.jar:/home/Joao/.m2/repository/org/yaml/snakeyaml/2.4/snakeyaml-2.4.jar:/home/Joao/.m2/repository/org/springframework/spring-aop/6.2.8/spring-aop-6.2.8.jar:/home/Joao/.m2/repository/org/springframework/spring-beans/6.2.8/spring-beans-6.2.8.jar:/home/Joao/.m2/repository/org/springframework/security/spring-security-config/6.5.1/spring-security-config-6.5.1.jar:/home/Joao/.m2/repository/org/springframework/spring-context/6.2.8/spring-context-6.2.8.jar:/home/Joao/.m2/repository/org/springframework/security/spring-security-web/6.5.1/spring-security-web-6.5.1.jar:/home/Joao/.m2/repository/org/springframework/spring-expression/6.2.8/spring-expression-6.2.8.jar:/home/Joao/.m2/repository/org/springframework/boot/spring-boot-starter-data-jpa/3.5.3/spring-boot-starter-data-jpa-3.5.3.jar:/home/Joao/.m2/repository/org/springframework/boot/spring-boot-starter-jdbc/3.5.3/spring-boot-starter-jdbc-3.5.3.jar:/home/Joao/.m2/repository/com/zaxxer/HikariCP/6.3.0/HikariCP-6.3.0.jar:/home/Joao/.m2/repository/org/springframework/spring-jdbc/6.2.8/spring-jdbc-6.2.8.jar:/home/Joao/.m2/repository/org/hibernate/orm/hibernate-core/6.6.18.Final/hibernate-core-6.6.18.Final.jar:/home/Joao/.m2/repository/jakarta/persistence/jakarta.persistence-api/3.1.0/jakarta.persistence-api-3.1.0.jar:/home/Joao/.m2/repository/jakarta/transaction/jakarta.transaction-api/2.0.1/jakarta.transaction-api-2.0.1.jar:/home/Joao/.m2/repository/org/jboss/logging/jboss-logging/3.6.1.Final/jboss-logging-3.6.1.Final.jar:/home/Joao/.m2/repository/org/hibernate/common/hibernate-commons-annotations/7.0.3.Final/hibernate-commons-annotations-7.0.3.Final.jar:/home/Joao/.m2/repository/io/smallrye/jandex/3.2.0/jandex-3.2.0.jar:/home/Joao/.m2/repository/com/fasterxml/classmate/1.7.0/classmate-1.7.0.jar:/home/Joao/.m2/repository/net/bytebuddy/byte-buddy/1.17.6/byte-buddy-1.17.6.jar:/home/Joao/.m2/repository/org/glassfish/jaxb/jaxb-runtime/4.0.5/jaxb-runtime-4.0.5.jar:/home/Joao/.m2/repository/org/glassfish/jaxb/jaxb-core/4.0.5/jaxb-core-4.0.5.jar:/home/Joao/.m2/repository/org/eclipse/angus/angus-activation/2.0.2/angus-activation-2.0.2.jar:/home/Joao/.m2/repository/org/glassfish/jaxb/txw2/4.0.5/txw2-4.0.5.jar:/home/Joao/.m2/repository/com/sun/istack/istack-commons-runtime/4.1.2/istack-commons-runtime-4.1.2.jar:/home/Joao/.m2/repository/jakarta/inject/jakarta.inject-api/2.0.1/jakarta.inject-api-2.0.1.jar:/home/Joao/.m2/repository/org/antlr/antlr4-runtime/4.13.0/antlr4-runtime-4.13.0.jar:/home/Joao/.m2/repository/org/springframework/data/spring-data-jpa/3.5.1/spring-data-jpa-3.5.1.jar:/home/Joao/.m2/repository/org/springframework/data/spring-data-commons/3.5.1/spring-data-commons-3.5.1.jar:/home/Joao/.m2/repository/org/springframework/spring-orm/6.2.8/spring-orm-6.2.8.jar:/home/Joao/.m2/repository/org/springframework/spring-tx/6.2.8/spring-tx-6.2.8.jar:/home/Joao/.m2/repository/org/slf4j/slf4j-api/2.0.17/slf4j-api-2.0.17.jar:/home/Joao/.m2/repository/org/springframework/spring-aspects/6.2.8/spring-aspects-6.2.8.jar:/home/Joao/.m2/repository/org/aspectj/aspectjweaver/1.9.24/aspectjweaver-1.9.24.jar:/home/Joao/.m2/repository/com/h2database/h2/2.3.232/h2-2.3.232.jar:/home/Joao/.m2/repository/org/springframework/boot/spring-boot-starter-validation/3.5.3/spring-boot-starter-validation-3.5.3.jar:/home/Joao/.m2/repository/org/apache/tomcat/embed/tomcat-embed-el/10.1.42/tomcat-embed-el-10.1.42.jar:/home/Joao/.m2/repository/org/hibernate/validator/hibernate-validator/8.0.2.Final/hibernate-validator-8.0.2.Final.jar:/home/Joao/.m2/repository/jakarta/validation/jakarta.validation-api/3.0.2/jakarta.validation-api-3.0.2.jar:/home/Joao/.m2/repository/org/springframework/boot/spring-boot-starter-web/3.5.3/spring-boot-starter-web-3.5.3.jar:/home/Joao/.m2/repository/org/springframework/boot/spring-boot-starter-json/3.5.3/spring-boot-starter-json-3.5.3.jar:/home/Joao/.m2/repository/com/fasterxml/jackson/core/jackson-databind/2.19.1/jackson-databind-2.19.1.jar:/home/Joao/.m2/repository/com/fasterxml/jackson/core/jackson-annotations/2.19.1/jackson-annotations-2.19.1.jar:/home/Joao/.m2/repository/com/fasterxml/jackson/core/jackson-core/2.19.1/jackson-core-2.19.1.jar:/home/Joao/.m2/repository/com/fasterxml/jackson/datatype/jackson-datatype-jdk8/2.19.1/jackson-datatype-jdk8-2.19.1.jar:/home/Joao/.m2/repository/com/fasterxml/jackson/datatype/jackson-datatype-jsr310/2.19.1/jackson-datatype-jsr310-2.19.1.jar:/home/Joao/.m2/repository/com/fasterxml/jackson/module/jackson-module-parameter-names/2.19.1/jackson-module-parameter-names-2.19.1.jar:/home/Joao/.m2/repository/org/springframework/boot/spring-boot-starter-tomcat/3.5.3/spring-boot-starter-tomcat-3.5.3.jar:/home/Joao/.m2/repository/org/apache/tomcat/embed/tomcat-embed-core/10.1.42/tomcat-embed-core-10.1.42.jar:/home/Joao/.m2/repository/org/apache/tomcat/embed/tomcat-embed-websocket/10.1.42/tomcat-embed-websocket-10.1.42.jar:/home/Joao/.m2/repository/org/springframework/spring-web/6.2.8/spring-web-6.2.8.jar:/home/Joao/.m2/repository/io/micrometer/micrometer-observation/1.15.1/micrometer-observation-1.15.1.jar:/home/Joao/.m2/repository/io/micrometer/micrometer-commons/1.15.1/micrometer-commons-1.15.1.jar:/home/Joao/.m2/repository/org/springframework/spring-webmvc/6.2.8/spring-webmvc-6.2.8.jar:/home/Joao/.m2/repository/org/projectlombok/lombok/1.18.38/lombok-1.18.38.jar:/home/Joao/.m2/repository/org/springframework/boot/spring-boot-starter-test/3.5.3/spring-boot-starter-test-3.5.3.jar:/home/Joao/.m2/repository/org/springframework/boot/spring-boot-test/3.5.3/spring-boot-test-3.5.3.jar:/home/Joao/.m2/repository/org/springframework/boot/spring-boot-test-autoconfigure/3.5.3/spring-boot-test-autoconfigure-3.5.3.jar:/home/Joao/.m2/repository/com/jayway/jsonpath/json-path/2.9.0/json-path-2.9.0.jar:/home/Joao/.m2/repository/jakarta/xml/bind/jakarta.xml.bind-api/4.0.2/jakarta.xml.bind-api-4.0.2.jar:/home/Joao/.m2/repository/jakarta/activation/jakarta.activation-api/2.1.3/jakarta.activation-api-2.1.3.jar:/home/Joao/.m2/repository/net/minidev/json-smart/2.5.2/json-smart-2.5.2.jar:/home/Joao/.m2/repository/net/minidev/accessors-smart/2.5.2/accessors-smart-2.5.2.jar:/home/Joao/.m2/repository/org/ow2/asm/asm/9.7.1/asm-9.7.1.jar:/home/Joao/.m2/repository/org/assertj/assertj-core/3.27.3/assertj-core-3.27.3.jar:/home/Joao/.m2/repository/org/awaitility/awaitility/4.2.2/awaitility-4.2.2.jar:/home/Joao/.m2/repository/org/hamcrest/hamcrest/3.0/hamcrest-3.0.jar:/home/Joao/.m2/repository/org/junit/jupiter/junit-jupiter/5.12.2/junit-jupiter-5.12.2.jar:/home/Joao/.m2/repository/org/junit/jupiter/junit-jupiter-api/5.12.2/junit-jupiter-api-5.12.2.jar:/home/Joao/.m2/repository/org/opentest4j/opentest4j/1.3.0/opentest4j-1.3.0.jar:/home/Joao/.m2/repository/org/junit/platform/junit-platform-commons/1.12.2/junit-platform-commons-1.12.2.jar:/home/Joao/.m2/repository/org/apiguardian/apiguardian-api/1.1.2/apiguardian-api-1.1.2.jar:/home/Joao/.m2/repository/org/junit/jupiter/junit-jupiter-params/5.12.2/junit-jupiter-params-5.12.2.jar:/home/Joao/.m2/repository/org/junit/jupiter/junit-jupiter-engine/5.12.2/junit-jupiter-engine-5.12.2.jar:/home/Joao/.m2/repository/org/junit/platform/junit-platform-engine/1.12.2/junit-platform-engine-1.12.2.jar:/home/Joao/.m2/repository/org/mockito/mockito-core/5.17.0/mockito-core-5.17.0.jar:/home/Joao/.m2/repository/net/bytebuddy/byte-buddy-agent/1.17.6/byte-buddy-agent-1.17.6.jar:/home/Joao/.m2/repository/org/objenesis/objenesis/3.3/objenesis-3.3.jar:/home/Joao/.m2/repository/org/mockito/mockito-junit-jupiter/5.17.0/mockito-junit-jupiter-5.17.0.jar:/home/Joao/.m2/repository/org/skyscreamer/jsonassert/1.5.3/jsonassert-1.5.3.jar:/home/Joao/.m2/repository/com/vaadin/external/google/android-json/0.0.20131108.vaadin1/android-json-0.0.20131108.vaadin1.jar:/home/Joao/.m2/repository/org/springframework/spring-core/6.2.8/spring-core-6.2.8.jar:/home/Joao/.m2/repository/org/springframework/spring-jcl/6.2.8/spring-jcl-6.2.8.jar:/home/Joao/.m2/repository/org/springframework/spring-test/6.2.8/spring-test-6.2.8.jar:/home/Joao/.m2/repository/org/xmlunit/xmlunit-core/2.10.2/xmlunit-core-2.10.2.jar:/home/Joao/.m2/repository/org/springframework/security/spring-security-test/6.5.1/spring-security-test-6.5.1.jar:/home/Joao/.m2/repository/org/springframework/security/spring-security-core/6.5.1/spring-security-core-6.5.1.jar:/home/Joao/.m2/repository/org/springframework/security/spring-security-crypto/6.5.1/spring-security-crypto-6.5.1.jar:/home/Joao/.m2/repository/org/mariadb/jdbc/mariadb-java-client/3.5.4/mariadb-java-client-3.5.4.jar:"/>
    <property name="sun.cpu.endian" value="little"/>
    <property name="user.home" value="/home/Joao"/>
    <property name="user.language" value="pt"/>
    <property name="java.specification.vendor" value="Oracle Corporation"/>
    <property name="java.version.date" value="2025-04-15"/>
    <property name="java.home" value="/usr/lib/jvm/java-24-openjdk"/>
    <property name="file.separator" value="/"/>
    <property name="basedir" value="/home/Joao/Documentos/PI/Minha-Biblioteca/backend"/>
    <property name="java.vm.compressedOopsMode" value="32-bit"/>
    <property name="line.separator" value="&#10;"/>
    <property name="java.vm.specification.vendor" value="Oracle Corporation"/>
    <property name="java.specification.name" value="Java Platform API Specification"/>
    <property name="FILE_LOG_CHARSET" value="UTF-8"/>
    <property name="java.awt.headless" value="true"/>
    <property name="surefire.real.class.path" value="/home/Joao/Documentos/PI/Minha-Biblioteca/backend/target/surefire/surefirebooter-20250806160920856_3.jar"/>
    <property name="sun.management.compiler" value="HotSpot 64-Bit Tiered Compilers"/>
    <property name="java.runtime.version" value="24.0.1"/>
    <property name="user.name" value="Joao"/>
    <property name="stdout.encoding" value="UTF-8"/>
    <property name="path.separator" value=":"/>
    <property name="os.version" value="6.15.5-arch1-1"/>
    <property name="java.runtime.name" value="OpenJDK Runtime Environment"/>
    <property name="file.encoding" value="UTF-8"/>
    <property name="java.vm.name" value="OpenJDK 64-Bit Server VM"/>
    <property name="localRepository" value="/home/Joao/.m2/repository"/>
    <property name="java.vendor.url.bug" value="https://bugreport.java.com/bugreport/"/>
    <property name="java.io.tmpdir" value="/tmp"/>
    <property name="catalina.home" value="/tmp/tomcat.0.8520924569149938152"/>
    <property name="com.zaxxer.hikari.pool_number" value="6"/>
    <property name="java.version" value="24.0.1"/>
    <property name="user.dir" value="/home/Joao/Documentos/PI/Minha-Biblioteca/backend"/>
    <property name="os.arch" value="amd64"/>
    <property name="java.vm.specification.name" value="Java Virtual Machine Specification"/>
    <property name="PID" value="24532"/>
    <property name="CONSOLE_LOG_CHARSET" value="UTF-8"/>
    <property name="catalina.base" value="/tmp/tomcat.0.12978931630682203401"/>
    <property name="native.encoding" value="UTF-8"/>
    <property name="java.library.path" value="/usr/java/packages/lib:/usr/lib64:/lib64:/lib:/usr/lib"/>
    <property name="java.vm.info" value="mixed mode, sharing"/>
    <property name="stderr.encoding" value="UTF-8"/>
    <property name="java.vendor" value="Arch Linux"/>
    <property name="java.vm.version" value="24.0.1"/>
    <property name="sun.io.unicode.encoding" value="UnicodeLittle"/>
    <property name="java.class.version" value="68.0"/>
    <property name="LOGGED_APPLICATION_NAME" value="[library-free] "/>
  </properties>
  <testcase name="shouldReturnNotFoundWhenDeletingNonExistingId" classname="br.com.libraryfree.library_free.integration.LivroIntegrationTests" time="0.493">
    <system-out><![CDATA[2025-08-06T16:09:38.656-03:00  INFO 24532 --- [library-free] [           main] t.c.s.AnnotationConfigContextLoaderUtils : Could not detect default configuration classes for test class [br.com.libraryfree.library_free.integration.LivroIntegrationTests]: LivroIntegrationTests does not declare any static, non-private, non-final, nested classes annotated with @Configuration.
2025-08-06T16:09:38.658-03:00  INFO 24532 --- [library-free] [           main] .b.t.c.SpringBootTestContextBootstrapper : Found @SpringBootConfiguration br.com.libraryfree.library_free.LibraryFreeApplication for test class br.com.libraryfree.library_free.integration.LivroIntegrationTests

  .   ____          _            __ _ _
 /\\ / ___'_ __ _ _(_)_ __  __ _ \ \ \ \
( ( )\___ | '_ | '_| | '_ \/ _` | \ \ \ \
 \\/  ___)| |_)| | | | | || (_| |  ) ) ) )
  '  |____| .__|_| |_|_| |_\__, | / / / /
 =========|_|==============|___/=/_/_/_/

 :: Spring Boot ::                (v3.5.3)

2025-08-06T16:09:38.700-03:00  INFO 24532 --- [library-free] [           main] b.c.l.l.i.LivroIntegrationTests          : Starting LivroIntegrationTests using Java 24.0.1 with PID 24532 (started by Joao in /home/Joao/Documentos/PI/Minha-Biblioteca/backend)
2025-08-06T16:09:38.700-03:00  INFO 24532 --- [library-free] [           main] b.c.l.l.i.LivroIntegrationTests          : The following 1 profile is active: "test"
2025-08-06T16:09:38.795-03:00  INFO 24532 --- [library-free] [           main] .s.d.r.c.RepositoryConfigurationDelegate : Bootstrapping Spring Data JPA repositories in DEFAULT mode.
2025-08-06T16:09:38.808-03:00  INFO 24532 --- [library-free] [           main] .s.d.r.c.RepositoryConfigurationDelegate : Finished Spring Data repository scanning in 11 ms. Found 4 JPA repository interfaces.
2025-08-06T16:09:38.857-03:00  INFO 24532 --- [library-free] [           main] o.s.b.w.embedded.tomcat.TomcatWebServer  : Tomcat initialized with port 0 (http)
2025-08-06T16:09:38.857-03:00  INFO 24532 --- [library-free] [           main] o.apache.catalina.core.StandardService   : Starting service [Tomcat]
2025-08-06T16:09:38.857-03:00  INFO 24532 --- [library-free] [           main] o.apache.catalina.core.StandardEngine    : Starting Servlet engine: [Apache Tomcat/10.1.42]
2025-08-06T16:09:38.869-03:00  INFO 24532 --- [library-free] [           main] o.a.c.c.C.[Tomcat].[localhost].[/]       : Initializing Spring embedded WebApplicationContext
2025-08-06T16:09:38.870-03:00  INFO 24532 --- [library-free] [           main] w.s.c.ServletWebServerApplicationContext : Root WebApplicationContext: initialization completed in 169 ms
2025-08-06T16:09:38.887-03:00  INFO 24532 --- [library-free] [           main] com.zaxxer.hikari.HikariDataSource       : HikariPool-4 - Starting...
2025-08-06T16:09:38.898-03:00  INFO 24532 --- [library-free] [           main] com.zaxxer.hikari.pool.HikariPool        : HikariPool-4 - Added connection conn30: url=jdbc:h2:mem:testdb user=SA
2025-08-06T16:09:38.899-03:00  INFO 24532 --- [library-free] [           main] com.zaxxer.hikari.HikariDataSource       : HikariPool-4 - Start completed.
2025-08-06T16:09:38.922-03:00  INFO 24532 --- [library-free] [           main] o.hibernate.jpa.internal.util.LogHelper  : HHH000204: Processing PersistenceUnitInfo [name: default]
2025-08-06T16:09:38.923-03:00  INFO 24532 --- [library-free] [           main] o.h.c.internal.RegionFactoryInitiator    : HHH000026: Second-level cache disabled
2025-08-06T16:09:38.929-03:00  INFO 24532 --- [library-free] [           main] o.s.o.j.p.SpringPersistenceUnitInfo      : No LoadTimeWeaver setup: ignoring JPA class transformer
2025-08-06T16:09:38.930-03:00  WARN 24532 --- [library-free] [           main] org.hibernate.dialect.Dialect            : HHH000511: The 2.3.232 version for [org.hibernate.dialect.MariaDBDialect] is no longer supported, hence certain features may not work properly. The minimum supported version is 10.4.0. Check the community dialects project for available legacy versions.
2025-08-06T16:09:38.930-03:00  WARN 24532 --- [library-free] [           main] org.hibernate.orm.deprecation            : HHH90000025: MariaDBDialect does not need to be specified explicitly using 'hibernate.dialect' (remove the property setting and it will be selected by default)
2025-08-06T16:09:38.931-03:00  INFO 24532 --- [library-free] [           main] org.hibernate.orm.connections.pooling    : HHH10001005: Database info:
	Database JDBC URL [Connecting through datasource 'HikariDataSource (HikariPool-4)']
	Database driver: undefined/unknown
	Database version: 2.3.232
	Autocommit mode: undefined/unknown
	Isolation level: undefined/unknown
	Minimum pool size: undefined/unknown
	Maximum pool size: undefined/unknown
2025-08-06T16:09:39.018-03:00  INFO 24532 --- [library-free] [           main] o.h.e.t.j.p.i.JtaPlatformInitiator       : HHH000489: No JTA platform available (set 'hibernate.transaction.jta.platform' to enable JTA platform integration)
2025-08-06T16:09:39.019-03:00  INFO 24532 --- [library-free] [           main] j.LocalContainerEntityManagerFactoryBean : Initialized JPA EntityManagerFactory for persistence unit 'default'
2025-08-06T16:09:39.066-03:00  INFO 24532 --- [library-free] [           main] r$InitializeUserDetailsManagerConfigurer : Global AuthenticationManager configured with UserDetailsService bean with name userDetailsServiceImpl
2025-08-06T16:09:39.083-03:00  WARN 24532 --- [library-free] [           main] JpaBaseConfiguration$JpaWebConfiguration : spring.jpa.open-in-view is enabled by default. Therefore, database queries may be performed during view rendering. Explicitly configure spring.jpa.open-in-view to disable this warning
2025-08-06T16:09:39.113-03:00 DEBUG 24532 --- [library-free] [           main] s.w.s.m.m.a.RequestMappingHandlerMapping : 21 mappings in 'requestMappingHandlerMapping'
2025-08-06T16:09:39.123-03:00 DEBUG 24532 --- [library-free] [           main] o.s.w.s.handler.SimpleUrlHandlerMapping  : Patterns [/webjars/**, /**] in 'resourceHandlerMapping'
2025-08-06T16:09:39.127-03:00 DEBUG 24532 --- [library-free] [           main] o.s.s.web.DefaultSecurityFilterChain     : Will secure any request with filters: DisableEncodeUrlFilter, WebAsyncManagerIntegrationFilter, SecurityContextHolderFilter, HeaderWriterFilter, CorsFilter, LogoutFilter, RequestCacheAwareFilter, SecurityContextHolderAwareRequestFilter, AnonymousAuthenticationFilter, SessionManagementFilter, ExceptionTranslationFilter, AuthorizationFilter
2025-08-06T16:09:39.137-03:00 DEBUG 24532 --- [library-free] [           main] s.w.s.m.m.a.RequestMappingHandlerAdapter : ControllerAdvice beans: 0 @ModelAttribute, 0 @InitBinder, 1 RequestBodyAdvice, 1 ResponseBodyAdvice
2025-08-06T16:09:39.141-03:00 DEBUG 24532 --- [library-free] [           main] .m.m.a.ExceptionHandlerExceptionResolver : ControllerAdvice beans: 0 @ExceptionHandler, 1 ResponseBodyAdvice
2025-08-06T16:09:39.165-03:00  INFO 24532 --- [library-free] [           main] o.s.b.w.embedded.tomcat.TomcatWebServer  : Tomcat started on port 36397 (http) with context path '/'
2025-08-06T16:09:39.169-03:00  INFO 24532 --- [library-free] [           main] b.c.l.l.i.LivroIntegrationTests          : Started LivroIntegrationTests in 0.506 seconds (process running for 18.234)
2025-08-06T16:09:39.175-03:00 DEBUG 24532 --- [library-free] [           main] o.s.web.client.RestTemplate              : HTTP POST http://localhost:36397/libraryfree/auth/login
2025-08-06T16:09:39.177-03:00 DEBUG 24532 --- [library-free] [           main] o.s.web.client.RestTemplate              : Accept=[application/json, application/*+json]
2025-08-06T16:09:39.178-03:00 DEBUG 24532 --- [library-free] [           main] o.s.web.client.RestTemplate              : Writing [LoginDTO[email=admin@libraryfree.com, senha=senha123]] with org.springframework.http.converter.json.MappingJackson2HttpMessageConverter
2025-08-06T16:09:39.184-03:00  INFO 24532 --- [library-free] [o-auto-4-exec-1] o.a.c.c.C.[Tomcat].[localhost].[/]       : Initializing Spring DispatcherServlet 'dispatcherServlet'
2025-08-06T16:09:39.185-03:00  INFO 24532 --- [library-free] [o-auto-4-exec-1] o.s.web.servlet.DispatcherServlet        : Initializing Servlet 'dispatcherServlet'
2025-08-06T16:09:39.185-03:00 DEBUG 24532 --- [library-free] [o-auto-4-exec-1] o.s.web.servlet.DispatcherServlet        : Detected StandardServletMultipartResolver
2025-08-06T16:09:39.185-03:00 DEBUG 24532 --- [library-free] [o-auto-4-exec-1] o.s.web.servlet.DispatcherServlet        : Detected AcceptHeaderLocaleResolver
2025-08-06T16:09:39.185-03:00 DEBUG 24532 --- [library-free] [o-auto-4-exec-1] o.s.web.servlet.DispatcherServlet        : Detected FixedThemeResolver
2025-08-06T16:09:39.185-03:00 DEBUG 24532 --- [library-free] [o-auto-4-exec-1] o.s.web.servlet.DispatcherServlet        : Detected org.springframework.web.servlet.view.DefaultRequestToViewNameTranslator@2f6d684d
2025-08-06T16:09:39.186-03:00 DEBUG 24532 --- [library-free] [o-auto-4-exec-1] o.s.web.servlet.DispatcherServlet        : Detected org.springframework.web.servlet.support.SessionFlashMapManager@43296744
2025-08-06T16:09:39.186-03:00 DEBUG 24532 --- [library-free] [o-auto-4-exec-1] o.s.web.servlet.DispatcherServlet        : enableLoggingRequestDetails='false': request parameters and headers will be masked to prevent unsafe logging of potentially sensitive data
2025-08-06T16:09:39.186-03:00  INFO 24532 --- [library-free] [o-auto-4-exec-1] o.s.web.servlet.DispatcherServlet        : Completed initialization in 1 ms
2025-08-06T16:09:39.187-03:00 DEBUG 24532 --- [library-free] [o-auto-4-exec-1] o.s.security.web.FilterChainProxy        : Securing POST /libraryfree/auth/login
2025-08-06T16:09:39.188-03:00 DEBUG 24532 --- [library-free] [o-auto-4-exec-1] o.s.s.w.a.AnonymousAuthenticationFilter  : Set SecurityContextHolder to anonymous SecurityContext
2025-08-06T16:09:39.188-03:00 DEBUG 24532 --- [library-free] [o-auto-4-exec-1] o.s.security.web.FilterChainProxy        : Secured POST /libraryfree/auth/login
2025-08-06T16:09:39.188-03:00 DEBUG 24532 --- [library-free] [o-auto-4-exec-1] o.s.web.servlet.DispatcherServlet        : POST "/libraryfree/auth/login", parameters={}
2025-08-06T16:09:39.189-03:00 DEBUG 24532 --- [library-free] [o-auto-4-exec-1] s.w.s.m.m.a.RequestMappingHandlerMapping : Mapped to br.com.libraryfree.library_free.controller.BibliotecarioController#login(LoginDTO, HttpServletRequest)
2025-08-06T16:09:39.194-03:00 DEBUG 24532 --- [library-free] [o-auto-4-exec-1] m.m.a.RequestResponseBodyMethodProcessor : Read "application/json;charset=UTF-8" to [LoginDTO[email=admin@libraryfree.com, senha=senha123]]
Hibernate: select b1_0.id,b1_0.email,b1_0.nome,b1_0.senha from bibliotecario b1_0 where b1_0.email=?
2025-08-06T16:09:39.648-03:00 DEBUG 24532 --- [library-free] [o-auto-4-exec-1] o.s.s.a.dao.DaoAuthenticationProvider    : Authenticated user
2025-08-06T16:09:39.651-03:00 DEBUG 24532 --- [library-free] [o-auto-4-exec-1] o.s.w.s.m.m.a.HttpEntityMethodProcessor  : Using 'application/json', given [application/json, application/*+json] and supported [application/json, application/*+json]
2025-08-06T16:09:39.651-03:00 DEBUG 24532 --- [library-free] [o-auto-4-exec-1] o.s.w.s.m.m.a.HttpEntityMethodProcessor  : Writing [BibliotecarioDTO[id=1, nome=Felipe Ferreira, email=admin@libraryfree.com]]
2025-08-06T16:09:39.652-03:00 DEBUG 24532 --- [library-free] [o-auto-4-exec-1] o.s.web.servlet.DispatcherServlet        : Completed 200 OK
2025-08-06T16:09:39.653-03:00 DEBUG 24532 --- [library-free] [           main] o.s.web.client.RestTemplate              : Response 200 OK
2025-08-06T16:09:39.653-03:00 DEBUG 24532 --- [library-free] [           main] o.s.web.client.RestTemplate              : Reading to [br.com.libraryfree.library_free.DTO.BibliotecarioDTO]
2025-08-06T16:09:39.653-03:00 DEBUG 24532 --- [library-free] [           main] o.s.web.client.RestTemplate              : HTTP DELETE http://localhost:36397/libraryfree/livros/1000
2025-08-06T16:09:39.654-03:00 DEBUG 24532 --- [library-free] [           main] o.s.web.client.RestTemplate              : Accept=[application/json, application/*+json]
2025-08-06T16:09:39.655-03:00 DEBUG 24532 --- [library-free] [o-auto-4-exec-2] o.s.security.web.FilterChainProxy        : Securing DELETE /libraryfree/livros/1000
2025-08-06T16:09:39.655-03:00 DEBUG 24532 --- [library-free] [o-auto-4-exec-2] w.c.HttpSessionSecurityContextRepository : Retrieved SecurityContextImpl [Authentication=UsernamePasswordAuthenticationToken [Principal=br.com.libraryfree.library_free.security.UserDetailsImpl@48a294a4, Credentials=[PROTECTED], Authenticated=true, Details=null, Granted Authorities=[]]]
2025-08-06T16:09:39.655-03:00 DEBUG 24532 --- [library-free] [o-auto-4-exec-2] o.s.security.web.FilterChainProxy        : Secured DELETE /libraryfree/livros/1000
2025-08-06T16:09:39.655-03:00 DEBUG 24532 --- [library-free] [o-auto-4-exec-2] o.s.web.servlet.DispatcherServlet        : DELETE "/libraryfree/livros/1000", parameters={}
2025-08-06T16:09:39.655-03:00 DEBUG 24532 --- [library-free] [o-auto-4-exec-2] s.w.s.m.m.a.RequestMappingHandlerMapping : Mapped to br.com.libraryfree.library_free.controller.LivroController#deleteLivro(Long)
Hibernate: select count(*) from livro l1_0 where l1_0.id=?
2025-08-06T16:09:39.659-03:00 DEBUG 24532 --- [library-free] [o-auto-4-exec-2] .w.s.m.a.ResponseStatusExceptionResolver : Resolved [org.springframework.web.server.ResponseStatusException: 404 NOT_FOUND "Livro não encontrado."]
2025-08-06T16:09:39.660-03:00 DEBUG 24532 --- [library-free] [o-auto-4-exec-2] o.s.web.servlet.DispatcherServlet        : Completed 404 NOT_FOUND
2025-08-06T16:09:39.660-03:00 DEBUG 24532 --- [library-free] [o-auto-4-exec-2] o.s.security.web.FilterChainProxy        : Securing DELETE /error
2025-08-06T16:09:39.660-03:00 DEBUG 24532 --- [library-free] [o-auto-4-exec-2] w.c.HttpSessionSecurityContextRepository : Retrieved SecurityContextImpl [Authentication=UsernamePasswordAuthenticationToken [Principal=br.com.libraryfree.library_free.security.UserDetailsImpl@48a294a4, Credentials=[PROTECTED], Authenticated=true, Details=null, Granted Authorities=[]]]
2025-08-06T16:09:39.660-03:00 DEBUG 24532 --- [library-free] [o-auto-4-exec-2] o.s.security.web.FilterChainProxy        : Secured DELETE /error
2025-08-06T16:09:39.660-03:00 DEBUG 24532 --- [library-free] [o-auto-4-exec-2] o.s.web.servlet.DispatcherServlet        : "ERROR" dispatch for DELETE "/error", parameters={}
2025-08-06T16:09:39.660-03:00 DEBUG 24532 --- [library-free] [o-auto-4-exec-2] s.w.s.m.m.a.RequestMappingHandlerMapping : Mapped to org.springframework.boot.autoconfigure.web.servlet.error.BasicErrorController#error(HttpServletRequest)
2025-08-06T16:09:39.662-03:00 DEBUG 24532 --- [library-free] [o-auto-4-exec-2] o.s.w.s.m.m.a.HttpEntityMethodProcessor  : Using 'application/json', given [application/json, application/*+json] and supported [application/json, application/*+json]
2025-08-06T16:09:39.662-03:00 DEBUG 24532 --- [library-free] [o-auto-4-exec-2] o.s.w.s.m.m.a.HttpEntityMethodProcessor  : Writing [{timestamp=Wed Aug 06 16:09:39 GMT-03:00 2025, status=404, error=Not Found, path=/libraryfree/livros (truncated)...]
2025-08-06T16:09:39.663-03:00 DEBUG 24532 --- [library-free] [o-auto-4-exec-2] o.s.web.servlet.DispatcherServlet        : Exiting from "ERROR" dispatch, status 404
2025-08-06T16:09:39.664-03:00 DEBUG 24532 --- [library-free] [           main] o.s.web.client.RestTemplate              : Response 404 NOT_FOUND
]]></system-out>
  </testcase>
  <testcase name="shouldReturnFilteredLivros" classname="br.com.libraryfree.library_free.integration.LivroIntegrationTests" time="0.353">
    <system-out><![CDATA[2025-08-06T16:09:39.668-03:00 DEBUG 24532 --- [library-free] [           main] o.s.web.client.RestTemplate              : HTTP POST http://localhost:36397/libraryfree/auth/login
2025-08-06T16:09:39.669-03:00 DEBUG 24532 --- [library-free] [           main] o.s.web.client.RestTemplate              : Accept=[application/json, application/*+json]
2025-08-06T16:09:39.669-03:00 DEBUG 24532 --- [library-free] [           main] o.s.web.client.RestTemplate              : Writing [LoginDTO[email=admin@libraryfree.com, senha=senha123]] with org.springframework.http.converter.json.MappingJackson2HttpMessageConverter
2025-08-06T16:09:39.672-03:00 DEBUG 24532 --- [library-free] [o-auto-4-exec-3] o.s.security.web.FilterChainProxy        : Securing POST /libraryfree/auth/login
2025-08-06T16:09:39.672-03:00 DEBUG 24532 --- [library-free] [o-auto-4-exec-3] o.s.s.w.a.AnonymousAuthenticationFilter  : Set SecurityContextHolder to anonymous SecurityContext
2025-08-06T16:09:39.672-03:00 DEBUG 24532 --- [library-free] [o-auto-4-exec-3] o.s.security.web.FilterChainProxy        : Secured POST /libraryfree/auth/login
2025-08-06T16:09:39.672-03:00 DEBUG 24532 --- [library-free] [o-auto-4-exec-3] o.s.web.servlet.DispatcherServlet        : POST "/libraryfree/auth/login", parameters={}
2025-08-06T16:09:39.672-03:00 DEBUG 24532 --- [library-free] [o-auto-4-exec-3] s.w.s.m.m.a.RequestMappingHandlerMapping : Mapped to br.com.libraryfree.library_free.controller.BibliotecarioController#login(LoginDTO, HttpServletRequest)
2025-08-06T16:09:39.673-03:00 DEBUG 24532 --- [library-free] [o-auto-4-exec-3] m.m.a.RequestResponseBodyMethodProcessor : Read "application/json;charset=UTF-8" to [LoginDTO[email=admin@libraryfree.com, senha=senha123]]
Hibernate: select b1_0.id,b1_0.email,b1_0.nome,b1_0.senha from bibliotecario b1_0 where b1_0.email=?
2025-08-06T16:09:39.992-03:00 DEBUG 24532 --- [library-free] [o-auto-4-exec-3] o.s.s.a.dao.DaoAuthenticationProvider    : Authenticated user
2025-08-06T16:09:39.992-03:00 DEBUG 24532 --- [library-free] [o-auto-4-exec-3] o.s.w.s.m.m.a.HttpEntityMethodProcessor  : Using 'application/json', given [application/json, application/*+json] and supported [application/json, application/*+json]
2025-08-06T16:09:39.993-03:00 DEBUG 24532 --- [library-free] [o-auto-4-exec-3] o.s.w.s.m.m.a.HttpEntityMethodProcessor  : Writing [BibliotecarioDTO[id=1, nome=Felipe Ferreira, email=admin@libraryfree.com]]
2025-08-06T16:09:39.993-03:00 DEBUG 24532 --- [library-free] [o-auto-4-exec-3] o.s.web.servlet.DispatcherServlet        : Completed 200 OK
2025-08-06T16:09:39.994-03:00 DEBUG 24532 --- [library-free] [           main] o.s.web.client.RestTemplate              : Response 200 OK
2025-08-06T16:09:39.994-03:00 DEBUG 24532 --- [library-free] [           main] o.s.web.client.RestTemplate              : Reading to [br.com.libraryfree.library_free.DTO.BibliotecarioDTO]
2025-08-06T16:09:39.995-03:00 DEBUG 24532 --- [library-free] [           main] o.s.web.client.RestTemplate              : HTTP GET http://localhost:36397/libraryfree/livros/search?titulo=O%20Senhor%20dos%20An%C3%A9is
2025-08-06T16:09:39.996-03:00 DEBUG 24532 --- [library-free] [           main] o.s.web.client.RestTemplate              : Accept=[application/json, application/*+json]
2025-08-06T16:09:39.997-03:00 DEBUG 24532 --- [library-free] [o-auto-4-exec-4] o.s.security.web.FilterChainProxy        : Securing GET /libraryfree/livros/search?titulo=O%20Senhor%20dos%20An%C3%A9is
2025-08-06T16:09:39.998-03:00 DEBUG 24532 --- [library-free] [o-auto-4-exec-4] w.c.HttpSessionSecurityContextRepository : Retrieved SecurityContextImpl [Authentication=UsernamePasswordAuthenticationToken [Principal=br.com.libraryfree.library_free.security.UserDetailsImpl@43320cb2, Credentials=[PROTECTED], Authenticated=true, Details=null, Granted Authorities=[]]]
2025-08-06T16:09:39.998-03:00 DEBUG 24532 --- [library-free] [o-auto-4-exec-4] o.s.security.web.FilterChainProxy        : Secured GET /libraryfree/livros/search?titulo=O%20Senhor%20dos%20An%C3%A9is
2025-08-06T16:09:39.998-03:00 DEBUG 24532 --- [library-free] [o-auto-4-exec-4] o.s.web.servlet.DispatcherServlet        : GET "/libraryfree/livros/search?titulo=O%20Senhor%20dos%20An%C3%A9is", parameters={masked}
2025-08-06T16:09:39.998-03:00 DEBUG 24532 --- [library-free] [o-auto-4-exec-4] s.w.s.m.m.a.RequestMappingHandlerMapping : Mapped to br.com.libraryfree.library_free.controller.LivroController#searchByTitulo(String)
Hibernate: select l1_0.id,l1_0.autor,l1_0.edicao,l1_0.editora,l1_0.emprestado,l1_0.genero,l1_0.isbn,l1_0.publicacao,l1_0.titulo from livro l1_0 where upper(l1_0.titulo) like replace(concat('%',upper(?),'%'),'\\','\\\\')
2025-08-06T16:09:40.004-03:00 DEBUG 24532 --- [library-free] [o-auto-4-exec-4] o.s.w.s.m.m.a.HttpEntityMethodProcessor  : Using 'application/json', given [application/json, application/*+json] and supported [application/json, application/*+json]
Hibernate: select e1_0.livro_id,e1_0.id,e1_0.aluno_id,a1_0.id,a1_0.ativo,a1_0.cpf,a1_0.matricula,a1_0.nome,e1_0.ativo,e1_0.data_devolucao,e1_0.data_emprestimo,e1_0.prazo_devolucao from aluno_livro e1_0 left join aluno a1_0 on a1_0.id=e1_0.aluno_id where e1_0.livro_id=?
2025-08-06T16:09:40.008-03:00 DEBUG 24532 --- [library-free] [o-auto-4-exec-4] o.s.w.s.m.m.a.HttpEntityMethodProcessor  : Writing [[Livro(id=1, titulo=O Senhor dos Anéis, isbn=9788595084759, autor=J.R.R. Tolkien, genero=Alta Fantas (truncated)...]
2025-08-06T16:09:40.012-03:00 DEBUG 24532 --- [library-free] [o-auto-4-exec-4] o.s.web.servlet.DispatcherServlet        : Completed 200 OK
2025-08-06T16:09:40.013-03:00 DEBUG 24532 --- [library-free] [           main] o.s.web.client.RestTemplate              : Response 200 OK
2025-08-06T16:09:40.013-03:00 DEBUG 24532 --- [library-free] [           main] o.s.web.client.RestTemplate              : Reading to [java.lang.Iterable<br.com.libraryfree.library_free.domain.Livro>]
]]></system-out>
  </testcase>
  <testcase name="shouldReturnLivroWhenIdExists" classname="br.com.libraryfree.library_free.integration.LivroIntegrationTests" time="0.329">
    <system-out><![CDATA[2025-08-06T16:09:40.021-03:00 DEBUG 24532 --- [library-free] [           main] o.s.web.client.RestTemplate              : HTTP POST http://localhost:36397/libraryfree/auth/login
2025-08-06T16:09:40.021-03:00 DEBUG 24532 --- [library-free] [           main] o.s.web.client.RestTemplate              : Accept=[application/json, application/*+json]
2025-08-06T16:09:40.022-03:00 DEBUG 24532 --- [library-free] [           main] o.s.web.client.RestTemplate              : Writing [LoginDTO[email=admin@libraryfree.com, senha=senha123]] with org.springframework.http.converter.json.MappingJackson2HttpMessageConverter
2025-08-06T16:09:40.024-03:00 DEBUG 24532 --- [library-free] [o-auto-4-exec-5] o.s.security.web.FilterChainProxy        : Securing POST /libraryfree/auth/login
2025-08-06T16:09:40.025-03:00 DEBUG 24532 --- [library-free] [o-auto-4-exec-5] o.s.s.w.a.AnonymousAuthenticationFilter  : Set SecurityContextHolder to anonymous SecurityContext
2025-08-06T16:09:40.025-03:00 DEBUG 24532 --- [library-free] [o-auto-4-exec-5] o.s.security.web.FilterChainProxy        : Secured POST /libraryfree/auth/login
2025-08-06T16:09:40.025-03:00 DEBUG 24532 --- [library-free] [o-auto-4-exec-5] o.s.web.servlet.DispatcherServlet        : POST "/libraryfree/auth/login", parameters={}
2025-08-06T16:09:40.025-03:00 DEBUG 24532 --- [library-free] [o-auto-4-exec-5] s.w.s.m.m.a.RequestMappingHandlerMapping : Mapped to br.com.libraryfree.library_free.controller.BibliotecarioController#login(LoginDTO, HttpServletRequest)
2025-08-06T16:09:40.026-03:00 DEBUG 24532 --- [library-free] [o-auto-4-exec-5] m.m.a.RequestResponseBodyMethodProcessor : Read "application/json;charset=UTF-8" to [LoginDTO[email=admin@libraryfree.com, senha=senha123]]
Hibernate: select b1_0.id,b1_0.email,b1_0.nome,b1_0.senha from bibliotecario b1_0 where b1_0.email=?
2025-08-06T16:09:40.330-03:00 DEBUG 24532 --- [library-free] [o-auto-4-exec-5] o.s.s.a.dao.DaoAuthenticationProvider    : Authenticated user
2025-08-06T16:09:40.330-03:00 DEBUG 24532 --- [library-free] [o-auto-4-exec-5] o.s.w.s.m.m.a.HttpEntityMethodProcessor  : Using 'application/json', given [application/json, application/*+json] and supported [application/json, application/*+json]
2025-08-06T16:09:40.330-03:00 DEBUG 24532 --- [library-free] [o-auto-4-exec-5] o.s.w.s.m.m.a.HttpEntityMethodProcessor  : Writing [BibliotecarioDTO[id=1, nome=Felipe Ferreira, email=admin@libraryfree.com]]
2025-08-06T16:09:40.331-03:00 DEBUG 24532 --- [library-free] [o-auto-4-exec-5] o.s.web.servlet.DispatcherServlet        : Completed 200 OK
2025-08-06T16:09:40.331-03:00 DEBUG 24532 --- [library-free] [           main] o.s.web.client.RestTemplate              : Response 200 OK
2025-08-06T16:09:40.332-03:00 DEBUG 24532 --- [library-free] [           main] o.s.web.client.RestTemplate              : Reading to [br.com.libraryfree.library_free.DTO.BibliotecarioDTO]
2025-08-06T16:09:40.332-03:00 DEBUG 24532 --- [library-free] [           main] o.s.web.client.RestTemplate              : HTTP GET http://localhost:36397/libraryfree/livros/1
2025-08-06T16:09:40.335-03:00 DEBUG 24532 --- [library-free] [           main] o.s.web.client.RestTemplate              : Accept=[application/json, application/*+json]
2025-08-06T16:09:40.337-03:00 DEBUG 24532 --- [library-free] [o-auto-4-exec-6] o.s.security.web.FilterChainProxy        : Securing GET /libraryfree/livros/1
2025-08-06T16:09:40.337-03:00 DEBUG 24532 --- [library-free] [o-auto-4-exec-6] w.c.HttpSessionSecurityContextRepository : Retrieved SecurityContextImpl [Authentication=UsernamePasswordAuthenticationToken [Principal=br.com.libraryfree.library_free.security.UserDetailsImpl@45e7289e, Credentials=[PROTECTED], Authenticated=true, Details=null, Granted Authorities=[]]]
2025-08-06T16:09:40.337-03:00 DEBUG 24532 --- [library-free] [o-auto-4-exec-6] o.s.security.web.FilterChainProxy        : Secured GET /libraryfree/livros/1
2025-08-06T16:09:40.337-03:00 DEBUG 24532 --- [library-free] [o-auto-4-exec-6] o.s.web.servlet.DispatcherServlet        : GET "/libraryfree/livros/1", parameters={}
2025-08-06T16:09:40.338-03:00 DEBUG 24532 --- [library-free] [o-auto-4-exec-6] s.w.s.m.m.a.RequestMappingHandlerMapping : Mapped to br.com.libraryfree.library_free.controller.LivroController#findById(Long)
Hibernate: select l1_0.id,l1_0.autor,l1_0.edicao,l1_0.editora,l1_0.emprestado,l1_0.genero,l1_0.isbn,l1_0.publicacao,l1_0.titulo from livro l1_0 where l1_0.id=?
2025-08-06T16:09:40.342-03:00 DEBUG 24532 --- [library-free] [o-auto-4-exec-6] o.s.w.s.m.m.a.HttpEntityMethodProcessor  : Using 'application/json', given [application/json, application/*+json] and supported [application/json, application/*+json]
Hibernate: select e1_0.livro_id,e1_0.id,e1_0.aluno_id,a1_0.id,a1_0.ativo,a1_0.cpf,a1_0.matricula,a1_0.nome,e1_0.ativo,e1_0.data_devolucao,e1_0.data_emprestimo,e1_0.prazo_devolucao from aluno_livro e1_0 left join aluno a1_0 on a1_0.id=e1_0.aluno_id where e1_0.livro_id=?
2025-08-06T16:09:40.343-03:00 DEBUG 24532 --- [library-free] [o-auto-4-exec-6] o.s.w.s.m.m.a.HttpEntityMethodProcessor  : Writing [Livro(id=1, titulo=O Senhor dos Anéis, isbn=9788595084759, autor=J.R.R. Tolkien, genero=Alta Fantasi (truncated)...]
2025-08-06T16:09:40.344-03:00 DEBUG 24532 --- [library-free] [o-auto-4-exec-6] o.s.web.servlet.DispatcherServlet        : Completed 200 OK
2025-08-06T16:09:40.345-03:00 DEBUG 24532 --- [library-free] [           main] o.s.web.client.RestTemplate              : Response 200 OK
2025-08-06T16:09:40.345-03:00 DEBUG 24532 --- [library-free] [           main] o.s.web.client.RestTemplate              : Reading to [br.com.libraryfree.library_free.domain.Livro]
]]></system-out>
  </testcase>
  <testcase name="shouldReturnNotFoundWhenUpdatingNonExistingLivro" classname="br.com.libraryfree.library_free.integration.LivroIntegrationTests" time="0.313">
    <system-out><![CDATA[2025-08-06T16:09:40.351-03:00 DEBUG 24532 --- [library-free] [           main] o.s.web.client.RestTemplate              : HTTP POST http://localhost:36397/libraryfree/auth/login
2025-08-06T16:09:40.351-03:00 DEBUG 24532 --- [library-free] [           main] o.s.web.client.RestTemplate              : Accept=[application/json, application/*+json]
2025-08-06T16:09:40.351-03:00 DEBUG 24532 --- [library-free] [           main] o.s.web.client.RestTemplate              : Writing [LoginDTO[email=admin@libraryfree.com, senha=senha123]] with org.springframework.http.converter.json.MappingJackson2HttpMessageConverter
2025-08-06T16:09:40.353-03:00 DEBUG 24532 --- [library-free] [o-auto-4-exec-7] o.s.security.web.FilterChainProxy        : Securing POST /libraryfree/auth/login
2025-08-06T16:09:40.353-03:00 DEBUG 24532 --- [library-free] [o-auto-4-exec-7] o.s.s.w.a.AnonymousAuthenticationFilter  : Set SecurityContextHolder to anonymous SecurityContext
2025-08-06T16:09:40.353-03:00 DEBUG 24532 --- [library-free] [o-auto-4-exec-7] o.s.security.web.FilterChainProxy        : Secured POST /libraryfree/auth/login
2025-08-06T16:09:40.353-03:00 DEBUG 24532 --- [library-free] [o-auto-4-exec-7] o.s.web.servlet.DispatcherServlet        : POST "/libraryfree/auth/login", parameters={}
2025-08-06T16:09:40.353-03:00 DEBUG 24532 --- [library-free] [o-auto-4-exec-7] s.w.s.m.m.a.RequestMappingHandlerMapping : Mapped to br.com.libraryfree.library_free.controller.BibliotecarioController#login(LoginDTO, HttpServletRequest)
2025-08-06T16:09:40.354-03:00 DEBUG 24532 --- [library-free] [o-auto-4-exec-7] m.m.a.RequestResponseBodyMethodProcessor : Read "application/json;charset=UTF-8" to [LoginDTO[email=admin@libraryfree.com, senha=senha123]]
Hibernate: select b1_0.id,b1_0.email,b1_0.nome,b1_0.senha from bibliotecario b1_0 where b1_0.email=?
2025-08-06T16:09:40.650-03:00 DEBUG 24532 --- [library-free] [o-auto-4-exec-7] o.s.s.a.dao.DaoAuthenticationProvider    : Authenticated user
2025-08-06T16:09:40.650-03:00 DEBUG 24532 --- [library-free] [o-auto-4-exec-7] o.s.w.s.m.m.a.HttpEntityMethodProcessor  : Using 'application/json', given [application/json, application/*+json] and supported [application/json, application/*+json]
2025-08-06T16:09:40.651-03:00 DEBUG 24532 --- [library-free] [o-auto-4-exec-7] o.s.w.s.m.m.a.HttpEntityMethodProcessor  : Writing [BibliotecarioDTO[id=1, nome=Felipe Ferreira, email=admin@libraryfree.com]]
2025-08-06T16:09:40.651-03:00 DEBUG 24532 --- [library-free] [o-auto-4-exec-7] o.s.web.servlet.DispatcherServlet        : Completed 200 OK
2025-08-06T16:09:40.652-03:00 DEBUG 24532 --- [library-free] [           main] o.s.web.client.RestTemplate              : Response 200 OK
2025-08-06T16:09:40.652-03:00 DEBUG 24532 --- [library-free] [           main] o.s.web.client.RestTemplate              : Reading to [br.com.libraryfree.library_free.DTO.BibliotecarioDTO]
2025-08-06T16:09:40.652-03:00 DEBUG 24532 --- [library-free] [           main] o.s.web.client.RestTemplate              : HTTP PUT http://localhost:36397/libraryfree/livros/1000
2025-08-06T16:09:40.653-03:00 DEBUG 24532 --- [library-free] [           main] o.s.web.client.RestTemplate              : Accept=[application/json, application/*+json]
2025-08-06T16:09:40.653-03:00 DEBUG 24532 --- [library-free] [           main] o.s.web.client.RestTemplate              : Writing [Livro(id=null, titulo=Rápido e Devagar, isbn=9788539004118, autor=Daniel Kahneman, genero=Psicologia, edicao=1°, publicacao=2012-03-01, editora=Objetiva, emprestado=false, emprestimos=[])] as "application/json"
2025-08-06T16:09:40.654-03:00 DEBUG 24532 --- [library-free] [o-auto-4-exec-8] o.s.security.web.FilterChainProxy        : Securing PUT /libraryfree/livros/1000
2025-08-06T16:09:40.654-03:00 DEBUG 24532 --- [library-free] [o-auto-4-exec-8] w.c.HttpSessionSecurityContextRepository : Retrieved SecurityContextImpl [Authentication=UsernamePasswordAuthenticationToken [Principal=br.com.libraryfree.library_free.security.UserDetailsImpl@388b0b58, Credentials=[PROTECTED], Authenticated=true, Details=null, Granted Authorities=[]]]
2025-08-06T16:09:40.654-03:00 DEBUG 24532 --- [library-free] [o-auto-4-exec-8] o.s.security.web.FilterChainProxy        : Secured PUT /libraryfree/livros/1000
2025-08-06T16:09:40.654-03:00 DEBUG 24532 --- [library-free] [o-auto-4-exec-8] o.s.web.servlet.DispatcherServlet        : PUT "/libraryfree/livros/1000", parameters={}
2025-08-06T16:09:40.654-03:00 DEBUG 24532 --- [library-free] [o-auto-4-exec-8] s.w.s.m.m.a.RequestMappingHandlerMapping : Mapped to br.com.libraryfree.library_free.controller.LivroController#editLivro(Long, Livro)
2025-08-06T16:09:40.656-03:00 DEBUG 24532 --- [library-free] [o-auto-4-exec-8] m.m.a.RequestResponseBodyMethodProcessor : Read "application/json;charset=UTF-8" to [Livro(id=null, titulo=Rápido e Devagar, isbn=9788539004118, autor=Daniel Kahneman, genero=Psicologia (truncated)...]
Hibernate: select l1_0.id,l1_0.autor,l1_0.edicao,l1_0.editora,l1_0.emprestado,l1_0.genero,l1_0.isbn,l1_0.publicacao,l1_0.titulo from livro l1_0 where l1_0.id=?
2025-08-06T16:09:40.658-03:00 DEBUG 24532 --- [library-free] [o-auto-4-exec-8] .w.s.m.a.ResponseStatusExceptionResolver : Resolved [org.springframework.web.server.ResponseStatusException: 404 NOT_FOUND "Livro não encontrado."]
2025-08-06T16:09:40.658-03:00 DEBUG 24532 --- [library-free] [o-auto-4-exec-8] o.s.web.servlet.DispatcherServlet        : Completed 404 NOT_FOUND
2025-08-06T16:09:40.658-03:00 DEBUG 24532 --- [library-free] [o-auto-4-exec-8] o.s.security.web.FilterChainProxy        : Securing PUT /error
2025-08-06T16:09:40.659-03:00 DEBUG 24532 --- [library-free] [o-auto-4-exec-8] w.c.HttpSessionSecurityContextRepository : Retrieved SecurityContextImpl [Authentication=UsernamePasswordAuthenticationToken [Principal=br.com.libraryfree.library_free.security.UserDetailsImpl@388b0b58, Credentials=[PROTECTED], Authenticated=true, Details=null, Granted Authorities=[]]]
2025-08-06T16:09:40.659-03:00 DEBUG 24532 --- [library-free] [o-auto-4-exec-8] o.s.security.web.FilterChainProxy        : Secured PUT /error
2025-08-06T16:09:40.659-03:00 DEBUG 24532 --- [library-free] [o-auto-4-exec-8] o.s.web.servlet.DispatcherServlet        : "ERROR" dispatch for PUT "/error", parameters={}
2025-08-06T16:09:40.659-03:00 DEBUG 24532 --- [library-free] [o-auto-4-exec-8] s.w.s.m.m.a.RequestMappingHandlerMapping : Mapped to org.springframework.boot.autoconfigure.web.servlet.error.BasicErrorController#error(HttpServletRequest)
2025-08-06T16:09:40.659-03:00 DEBUG 24532 --- [library-free] [o-auto-4-exec-8] o.s.w.s.m.m.a.HttpEntityMethodProcessor  : Using 'application/json', given [application/json, application/*+json] and supported [application/json, application/*+json]
2025-08-06T16:09:40.659-03:00 DEBUG 24532 --- [library-free] [o-auto-4-exec-8] o.s.w.s.m.m.a.HttpEntityMethodProcessor  : Writing [{timestamp=Wed Aug 06 16:09:40 GMT-03:00 2025, status=404, error=Not Found, path=/libraryfree/livros (truncated)...]
2025-08-06T16:09:40.660-03:00 DEBUG 24532 --- [library-free] [o-auto-4-exec-8] o.s.web.servlet.DispatcherServlet        : Exiting from "ERROR" dispatch, status 404
2025-08-06T16:09:40.660-03:00 DEBUG 24532 --- [library-free] [           main] o.s.web.client.RestTemplate              : Response 404 NOT_FOUND
]]></system-out>
  </testcase>
  <testcase name="shouldReturnForbiddenWhenGettingLivrosWithoutAuth" classname="br.com.libraryfree.library_free.integration.LivroIntegrationTests" time="0.012">
    <system-out><![CDATA[2025-08-06T16:09:40.664-03:00 DEBUG 24532 --- [library-free] [           main] o.s.web.client.RestTemplate              : HTTP GET http://localhost:36397/libraryfree/livros
2025-08-06T16:09:40.665-03:00 DEBUG 24532 --- [library-free] [           main] o.s.web.client.RestTemplate              : Accept=[application/json, application/*+json]
2025-08-06T16:09:40.668-03:00 DEBUG 24532 --- [library-free] [o-auto-4-exec-9] o.s.security.web.FilterChainProxy        : Securing GET /libraryfree/livros
2025-08-06T16:09:40.668-03:00 DEBUG 24532 --- [library-free] [o-auto-4-exec-9] o.s.s.w.a.AnonymousAuthenticationFilter  : Set SecurityContextHolder to anonymous SecurityContext
2025-08-06T16:09:40.668-03:00 DEBUG 24532 --- [library-free] [o-auto-4-exec-9] o.s.s.w.a.Http403ForbiddenEntryPoint     : Pre-authenticated entry point called. Rejecting access
2025-08-06T16:09:40.669-03:00 DEBUG 24532 --- [library-free] [o-auto-4-exec-9] o.s.security.web.FilterChainProxy        : Securing GET /error
2025-08-06T16:09:40.669-03:00 DEBUG 24532 --- [library-free] [o-auto-4-exec-9] o.s.s.w.a.AnonymousAuthenticationFilter  : Set SecurityContextHolder to anonymous SecurityContext
2025-08-06T16:09:40.670-03:00 DEBUG 24532 --- [library-free] [o-auto-4-exec-9] o.s.s.w.a.Http403ForbiddenEntryPoint     : Pre-authenticated entry point called. Rejecting access
2025-08-06T16:09:40.672-03:00 DEBUG 24532 --- [library-free] [           main] o.s.web.client.RestTemplate              : Response 403 FORBIDDEN
]]></system-out>
  </testcase>
  <testcase name="shouldReturnBadRequestWhenIsbnAlreadyExists" classname="br.com.libraryfree.library_free.integration.LivroIntegrationTests" time="0.325">
    <system-out><![CDATA[2025-08-06T16:09:40.678-03:00 DEBUG 24532 --- [library-free] [           main] o.s.web.client.RestTemplate              : HTTP POST http://localhost:36397/libraryfree/auth/login
2025-08-06T16:09:40.678-03:00 DEBUG 24532 --- [library-free] [           main] o.s.web.client.RestTemplate              : Accept=[application/json, application/*+json]
2025-08-06T16:09:40.678-03:00 DEBUG 24532 --- [library-free] [           main] o.s.web.client.RestTemplate              : Writing [LoginDTO[email=admin@libraryfree.com, senha=senha123]] with org.springframework.http.converter.json.MappingJackson2HttpMessageConverter
2025-08-06T16:09:40.682-03:00 DEBUG 24532 --- [library-free] [-auto-4-exec-10] o.s.security.web.FilterChainProxy        : Securing POST /libraryfree/auth/login
2025-08-06T16:09:40.683-03:00 DEBUG 24532 --- [library-free] [-auto-4-exec-10] o.s.s.w.a.AnonymousAuthenticationFilter  : Set SecurityContextHolder to anonymous SecurityContext
2025-08-06T16:09:40.683-03:00 DEBUG 24532 --- [library-free] [-auto-4-exec-10] o.s.security.web.FilterChainProxy        : Secured POST /libraryfree/auth/login
2025-08-06T16:09:40.683-03:00 DEBUG 24532 --- [library-free] [-auto-4-exec-10] o.s.web.servlet.DispatcherServlet        : POST "/libraryfree/auth/login", parameters={}
2025-08-06T16:09:40.683-03:00 DEBUG 24532 --- [library-free] [-auto-4-exec-10] s.w.s.m.m.a.RequestMappingHandlerMapping : Mapped to br.com.libraryfree.library_free.controller.BibliotecarioController#login(LoginDTO, HttpServletRequest)
2025-08-06T16:09:40.684-03:00 DEBUG 24532 --- [library-free] [-auto-4-exec-10] m.m.a.RequestResponseBodyMethodProcessor : Read "application/json;charset=UTF-8" to [LoginDTO[email=admin@libraryfree.com, senha=senha123]]
Hibernate: select b1_0.id,b1_0.email,b1_0.nome,b1_0.senha from bibliotecario b1_0 where b1_0.email=?
2025-08-06T16:09:40.981-03:00 DEBUG 24532 --- [library-free] [-auto-4-exec-10] o.s.s.a.dao.DaoAuthenticationProvider    : Authenticated user
2025-08-06T16:09:40.987-03:00 DEBUG 24532 --- [library-free] [-auto-4-exec-10] o.s.w.s.m.m.a.HttpEntityMethodProcessor  : Using 'application/json', given [application/json, application/*+json] and supported [application/json, application/*+json]
2025-08-06T16:09:40.987-03:00 DEBUG 24532 --- [library-free] [-auto-4-exec-10] o.s.w.s.m.m.a.HttpEntityMethodProcessor  : Writing [BibliotecarioDTO[id=1, nome=Felipe Ferreira, email=admin@libraryfree.com]]
2025-08-06T16:09:40.988-03:00 DEBUG 24532 --- [library-free] [-auto-4-exec-10] o.s.web.servlet.DispatcherServlet        : Completed 200 OK
2025-08-06T16:09:40.988-03:00 DEBUG 24532 --- [library-free] [           main] o.s.web.client.RestTemplate              : Response 200 OK
2025-08-06T16:09:40.988-03:00 DEBUG 24532 --- [library-free] [           main] o.s.web.client.RestTemplate              : Reading to [br.com.libraryfree.library_free.DTO.BibliotecarioDTO]
2025-08-06T16:09:40.989-03:00 DEBUG 24532 --- [library-free] [           main] o.s.web.client.RestTemplate              : HTTP POST http://localhost:36397/libraryfree/livros
2025-08-06T16:09:40.989-03:00 DEBUG 24532 --- [library-free] [           main] o.s.web.client.RestTemplate              : Accept=[text/plain, application/json, application/*+json, */*]
2025-08-06T16:09:40.989-03:00 DEBUG 24532 --- [library-free] [           main] o.s.web.client.RestTemplate              : Writing [Livro(id=null, titulo=O Senhor dos Anéis, isbn=9788595084759, autor=J.R.R. Tolkien, genero=Alta Fantasia, edicao=Volume Único, publicacao=2019-11-01, editora=HarperCollins Brasil, emprestado=false, emprestimos=[])] as "application/json"
2025-08-06T16:09:40.991-03:00 DEBUG 24532 --- [library-free] [o-auto-4-exec-1] o.s.security.web.FilterChainProxy        : Securing POST /libraryfree/livros
2025-08-06T16:09:40.991-03:00 DEBUG 24532 --- [library-free] [o-auto-4-exec-1] w.c.HttpSessionSecurityContextRepository : Retrieved SecurityContextImpl [Authentication=UsernamePasswordAuthenticationToken [Principal=br.com.libraryfree.library_free.security.UserDetailsImpl@24b38519, Credentials=[PROTECTED], Authenticated=true, Details=null, Granted Authorities=[]]]
2025-08-06T16:09:40.991-03:00 DEBUG 24532 --- [library-free] [o-auto-4-exec-1] o.s.security.web.FilterChainProxy        : Secured POST /libraryfree/livros
2025-08-06T16:09:40.991-03:00 DEBUG 24532 --- [library-free] [o-auto-4-exec-1] o.s.web.servlet.DispatcherServlet        : POST "/libraryfree/livros", parameters={}
2025-08-06T16:09:40.991-03:00 DEBUG 24532 --- [library-free] [o-auto-4-exec-1] s.w.s.m.m.a.RequestMappingHandlerMapping : Mapped to br.com.libraryfree.library_free.controller.LivroController#createLivro(Livro, UriComponentsBuilder)
2025-08-06T16:09:40.992-03:00 DEBUG 24532 --- [library-free] [o-auto-4-exec-1] m.m.a.RequestResponseBodyMethodProcessor : Read "application/json;charset=UTF-8" to [Livro(id=null, titulo=O Senhor dos Anéis, isbn=9788595084759, autor=J.R.R. Tolkien, genero=Alta Fant (truncated)...]
Hibernate: select l1_0.id,l1_0.autor,l1_0.edicao,l1_0.editora,l1_0.emprestado,l1_0.genero,l1_0.isbn,l1_0.publicacao,l1_0.titulo from livro l1_0 where l1_0.isbn=?
2025-08-06T16:09:40.996-03:00 DEBUG 24532 --- [library-free] [o-auto-4-exec-1] .w.s.m.a.ResponseStatusExceptionResolver : Resolved [org.springframework.web.server.ResponseStatusException: 400 BAD_REQUEST "ISBN já existente."]
2025-08-06T16:09:40.996-03:00 DEBUG 24532 --- [library-free] [o-auto-4-exec-1] o.s.web.servlet.DispatcherServlet        : Completed 400 BAD_REQUEST
2025-08-06T16:09:40.997-03:00 DEBUG 24532 --- [library-free] [o-auto-4-exec-1] o.s.security.web.FilterChainProxy        : Securing POST /error
2025-08-06T16:09:40.997-03:00 DEBUG 24532 --- [library-free] [o-auto-4-exec-1] w.c.HttpSessionSecurityContextRepository : Retrieved SecurityContextImpl [Authentication=UsernamePasswordAuthenticationToken [Principal=br.com.libraryfree.library_free.security.UserDetailsImpl@24b38519, Credentials=[PROTECTED], Authenticated=true, Details=null, Granted Authorities=[]]]
2025-08-06T16:09:40.997-03:00 DEBUG 24532 --- [library-free] [o-auto-4-exec-1] o.s.security.web.FilterChainProxy        : Secured POST /error
2025-08-06T16:09:40.997-03:00 DEBUG 24532 --- [library-free] [o-auto-4-exec-1] o.s.web.servlet.DispatcherServlet        : "ERROR" dispatch for POST "/error", parameters={}
2025-08-06T16:09:40.997-03:00 DEBUG 24532 --- [library-free] [o-auto-4-exec-1] s.w.s.m.m.a.RequestMappingHandlerMapping : Mapped to org.springframework.boot.autoconfigure.web.servlet.error.BasicErrorController#error(HttpServletRequest)
2025-08-06T16:09:40.998-03:00 DEBUG 24532 --- [library-free] [o-auto-4-exec-1] o.s.w.s.m.m.a.HttpEntityMethodProcessor  : Using 'application/json', given [text/plain, application/json, application/*+json, */*] and supported [application/json, application/*+json]
2025-08-06T16:09:40.998-03:00 DEBUG 24532 --- [library-free] [o-auto-4-exec-1] o.s.w.s.m.m.a.HttpEntityMethodProcessor  : Writing [{timestamp=Wed Aug 06 16:09:40 GMT-03:00 2025, status=400, error=Bad Request, path=/libraryfree/livr (truncated)...]
2025-08-06T16:09:40.998-03:00 DEBUG 24532 --- [library-free] [o-auto-4-exec-1] o.s.web.servlet.DispatcherServlet        : Exiting from "ERROR" dispatch, status 400
2025-08-06T16:09:40.999-03:00 DEBUG 24532 --- [library-free] [           main] o.s.web.client.RestTemplate              : Response 400 BAD_REQUEST
2025-08-06T16:09:40.999-03:00 DEBUG 24532 --- [library-free] [           main] o.s.web.client.RestTemplate              : Reading to [java.lang.String] as "application/json"
]]></system-out>
  </testcase>
  <testcase name="shouldReturnNotFoundWhenIdDoesNotExist" classname="br.com.libraryfree.library_free.integration.LivroIntegrationTests" time="0.309">
    <system-out><![CDATA[2025-08-06T16:09:41.003-03:00 DEBUG 24532 --- [library-free] [           main] o.s.web.client.RestTemplate              : HTTP POST http://localhost:36397/libraryfree/auth/login
2025-08-06T16:09:41.003-03:00 DEBUG 24532 --- [library-free] [           main] o.s.web.client.RestTemplate              : Accept=[application/json, application/*+json]
2025-08-06T16:09:41.003-03:00 DEBUG 24532 --- [library-free] [           main] o.s.web.client.RestTemplate              : Writing [LoginDTO[email=admin@libraryfree.com, senha=senha123]] with org.springframework.http.converter.json.MappingJackson2HttpMessageConverter
2025-08-06T16:09:41.006-03:00 DEBUG 24532 --- [library-free] [o-auto-4-exec-2] o.s.security.web.FilterChainProxy        : Securing POST /libraryfree/auth/login
2025-08-06T16:09:41.006-03:00 DEBUG 24532 --- [library-free] [o-auto-4-exec-2] o.s.s.w.a.AnonymousAuthenticationFilter  : Set SecurityContextHolder to anonymous SecurityContext
2025-08-06T16:09:41.006-03:00 DEBUG 24532 --- [library-free] [o-auto-4-exec-2] o.s.security.web.FilterChainProxy        : Secured POST /libraryfree/auth/login
2025-08-06T16:09:41.006-03:00 DEBUG 24532 --- [library-free] [o-auto-4-exec-2] o.s.web.servlet.DispatcherServlet        : POST "/libraryfree/auth/login", parameters={}
2025-08-06T16:09:41.006-03:00 DEBUG 24532 --- [library-free] [o-auto-4-exec-2] s.w.s.m.m.a.RequestMappingHandlerMapping : Mapped to br.com.libraryfree.library_free.controller.BibliotecarioController#login(LoginDTO, HttpServletRequest)
2025-08-06T16:09:41.007-03:00 DEBUG 24532 --- [library-free] [o-auto-4-exec-2] m.m.a.RequestResponseBodyMethodProcessor : Read "application/json;charset=UTF-8" to [LoginDTO[email=admin@libraryfree.com, senha=senha123]]
Hibernate: select b1_0.id,b1_0.email,b1_0.nome,b1_0.senha from bibliotecario b1_0 where b1_0.email=?
2025-08-06T16:09:41.300-03:00 DEBUG 24532 --- [library-free] [o-auto-4-exec-2] o.s.s.a.dao.DaoAuthenticationProvider    : Authenticated user
2025-08-06T16:09:41.301-03:00 DEBUG 24532 --- [library-free] [o-auto-4-exec-2] o.s.w.s.m.m.a.HttpEntityMethodProcessor  : Using 'application/json', given [application/json, application/*+json] and supported [application/json, application/*+json]
2025-08-06T16:09:41.301-03:00 DEBUG 24532 --- [library-free] [o-auto-4-exec-2] o.s.w.s.m.m.a.HttpEntityMethodProcessor  : Writing [BibliotecarioDTO[id=1, nome=Felipe Ferreira, email=admin@libraryfree.com]]
2025-08-06T16:09:41.302-03:00 DEBUG 24532 --- [library-free] [o-auto-4-exec-2] o.s.web.servlet.DispatcherServlet        : Completed 200 OK
2025-08-06T16:09:41.302-03:00 DEBUG 24532 --- [library-free] [           main] o.s.web.client.RestTemplate              : Response 200 OK
2025-08-06T16:09:41.302-03:00 DEBUG 24532 --- [library-free] [           main] o.s.web.client.RestTemplate              : Reading to [br.com.libraryfree.library_free.DTO.BibliotecarioDTO]
2025-08-06T16:09:41.302-03:00 DEBUG 24532 --- [library-free] [           main] o.s.web.client.RestTemplate              : HTTP GET http://localhost:36397/libraryfree/livros/1000000
2025-08-06T16:09:41.303-03:00 DEBUG 24532 --- [library-free] [           main] o.s.web.client.RestTemplate              : Accept=[text/plain, application/json, application/*+json, */*]
2025-08-06T16:09:41.304-03:00 DEBUG 24532 --- [library-free] [o-auto-4-exec-3] o.s.security.web.FilterChainProxy        : Securing GET /libraryfree/livros/1000000
2025-08-06T16:09:41.304-03:00 DEBUG 24532 --- [library-free] [o-auto-4-exec-3] w.c.HttpSessionSecurityContextRepository : Retrieved SecurityContextImpl [Authentication=UsernamePasswordAuthenticationToken [Principal=br.com.libraryfree.library_free.security.UserDetailsImpl@547ae60b, Credentials=[PROTECTED], Authenticated=true, Details=null, Granted Authorities=[]]]
2025-08-06T16:09:41.304-03:00 DEBUG 24532 --- [library-free] [o-auto-4-exec-3] o.s.security.web.FilterChainProxy        : Secured GET /libraryfree/livros/1000000
2025-08-06T16:09:41.304-03:00 DEBUG 24532 --- [library-free] [o-auto-4-exec-3] o.s.web.servlet.DispatcherServlet        : GET "/libraryfree/livros/1000000", parameters={}
2025-08-06T16:09:41.304-03:00 DEBUG 24532 --- [library-free] [o-auto-4-exec-3] s.w.s.m.m.a.RequestMappingHandlerMapping : Mapped to br.com.libraryfree.library_free.controller.LivroController#findById(Long)
Hibernate: select l1_0.id,l1_0.autor,l1_0.edicao,l1_0.editora,l1_0.emprestado,l1_0.genero,l1_0.isbn,l1_0.publicacao,l1_0.titulo from livro l1_0 where l1_0.id=?
2025-08-06T16:09:41.306-03:00 DEBUG 24532 --- [library-free] [o-auto-4-exec-3] .w.s.m.a.ResponseStatusExceptionResolver : Resolved [org.springframework.web.server.ResponseStatusException: 404 NOT_FOUND "Livro não encontrado."]
2025-08-06T16:09:41.306-03:00 DEBUG 24532 --- [library-free] [o-auto-4-exec-3] o.s.web.servlet.DispatcherServlet        : Completed 404 NOT_FOUND
2025-08-06T16:09:41.306-03:00 DEBUG 24532 --- [library-free] [o-auto-4-exec-3] o.s.security.web.FilterChainProxy        : Securing GET /error
2025-08-06T16:09:41.306-03:00 DEBUG 24532 --- [library-free] [o-auto-4-exec-3] w.c.HttpSessionSecurityContextRepository : Retrieved SecurityContextImpl [Authentication=UsernamePasswordAuthenticationToken [Principal=br.com.libraryfree.library_free.security.UserDetailsImpl@547ae60b, Credentials=[PROTECTED], Authenticated=true, Details=null, Granted Authorities=[]]]
2025-08-06T16:09:41.306-03:00 DEBUG 24532 --- [library-free] [o-auto-4-exec-3] o.s.security.web.FilterChainProxy        : Secured GET /error
2025-08-06T16:09:41.307-03:00 DEBUG 24532 --- [library-free] [o-auto-4-exec-3] o.s.web.servlet.DispatcherServlet        : "ERROR" dispatch for GET "/error", parameters={}
2025-08-06T16:09:41.307-03:00 DEBUG 24532 --- [library-free] [o-auto-4-exec-3] s.w.s.m.m.a.RequestMappingHandlerMapping : Mapped to org.springframework.boot.autoconfigure.web.servlet.error.BasicErrorController#error(HttpServletRequest)
2025-08-06T16:09:41.307-03:00 DEBUG 24532 --- [library-free] [o-auto-4-exec-3] o.s.w.s.m.m.a.HttpEntityMethodProcessor  : Using 'application/json', given [text/plain, application/json, application/*+json, */*] and supported [application/json, application/*+json]
2025-08-06T16:09:41.307-03:00 DEBUG 24532 --- [library-free] [o-auto-4-exec-3] o.s.w.s.m.m.a.HttpEntityMethodProcessor  : Writing [{timestamp=Wed Aug 06 16:09:41 GMT-03:00 2025, status=404, error=Not Found, path=/libraryfree/livros (truncated)...]
2025-08-06T16:09:41.308-03:00 DEBUG 24532 --- [library-free] [o-auto-4-exec-3] o.s.web.servlet.DispatcherServlet        : Exiting from "ERROR" dispatch, status 404
2025-08-06T16:09:41.308-03:00 DEBUG 24532 --- [library-free] [           main] o.s.web.client.RestTemplate              : Response 404 NOT_FOUND
2025-08-06T16:09:41.308-03:00 DEBUG 24532 --- [library-free] [           main] o.s.web.client.RestTemplate              : Reading to [java.lang.String] as "application/json"
]]></system-out>
  </testcase>
  <testcase name="shouldReturnBadRequestWhenUpdatingLivroWithDuplicateIsbn" classname="br.com.libraryfree.library_free.integration.LivroIntegrationTests" time="0.321">
    <system-out><![CDATA[2025-08-06T16:09:41.312-03:00 DEBUG 24532 --- [library-free] [           main] o.s.web.client.RestTemplate              : HTTP POST http://localhost:36397/libraryfree/auth/login
2025-08-06T16:09:41.312-03:00 DEBUG 24532 --- [library-free] [           main] o.s.web.client.RestTemplate              : Accept=[application/json, application/*+json]
2025-08-06T16:09:41.312-03:00 DEBUG 24532 --- [library-free] [           main] o.s.web.client.RestTemplate              : Writing [LoginDTO[email=admin@libraryfree.com, senha=senha123]] with org.springframework.http.converter.json.MappingJackson2HttpMessageConverter
2025-08-06T16:09:41.316-03:00 DEBUG 24532 --- [library-free] [o-auto-4-exec-4] o.s.security.web.FilterChainProxy        : Securing POST /libraryfree/auth/login
2025-08-06T16:09:41.317-03:00 DEBUG 24532 --- [library-free] [o-auto-4-exec-4] o.s.s.w.a.AnonymousAuthenticationFilter  : Set SecurityContextHolder to anonymous SecurityContext
2025-08-06T16:09:41.317-03:00 DEBUG 24532 --- [library-free] [o-auto-4-exec-4] o.s.security.web.FilterChainProxy        : Secured POST /libraryfree/auth/login
2025-08-06T16:09:41.317-03:00 DEBUG 24532 --- [library-free] [o-auto-4-exec-4] o.s.web.servlet.DispatcherServlet        : POST "/libraryfree/auth/login", parameters={}
2025-08-06T16:09:41.318-03:00 DEBUG 24532 --- [library-free] [o-auto-4-exec-4] s.w.s.m.m.a.RequestMappingHandlerMapping : Mapped to br.com.libraryfree.library_free.controller.BibliotecarioController#login(LoginDTO, HttpServletRequest)
2025-08-06T16:09:41.319-03:00 DEBUG 24532 --- [library-free] [o-auto-4-exec-4] m.m.a.RequestResponseBodyMethodProcessor : Read "application/json;charset=UTF-8" to [LoginDTO[email=admin@libraryfree.com, senha=senha123]]
Hibernate: select b1_0.id,b1_0.email,b1_0.nome,b1_0.senha from bibliotecario b1_0 where b1_0.email=?
2025-08-06T16:09:41.617-03:00 DEBUG 24532 --- [library-free] [o-auto-4-exec-4] o.s.s.a.dao.DaoAuthenticationProvider    : Authenticated user
2025-08-06T16:09:41.617-03:00 DEBUG 24532 --- [library-free] [o-auto-4-exec-4] o.s.w.s.m.m.a.HttpEntityMethodProcessor  : Using 'application/json', given [application/json, application/*+json] and supported [application/json, application/*+json]
2025-08-06T16:09:41.618-03:00 DEBUG 24532 --- [library-free] [o-auto-4-exec-4] o.s.w.s.m.m.a.HttpEntityMethodProcessor  : Writing [BibliotecarioDTO[id=1, nome=Felipe Ferreira, email=admin@libraryfree.com]]
2025-08-06T16:09:41.618-03:00 DEBUG 24532 --- [library-free] [o-auto-4-exec-4] o.s.web.servlet.DispatcherServlet        : Completed 200 OK
2025-08-06T16:09:41.619-03:00 DEBUG 24532 --- [library-free] [           main] o.s.web.client.RestTemplate              : Response 200 OK
2025-08-06T16:09:41.619-03:00 DEBUG 24532 --- [library-free] [           main] o.s.web.client.RestTemplate              : Reading to [br.com.libraryfree.library_free.DTO.BibliotecarioDTO]
2025-08-06T16:09:41.619-03:00 DEBUG 24532 --- [library-free] [           main] o.s.web.client.RestTemplate              : HTTP PUT http://localhost:36397/libraryfree/livros/2
2025-08-06T16:09:41.620-03:00 DEBUG 24532 --- [library-free] [           main] o.s.web.client.RestTemplate              : Accept=[application/json, application/*+json]
2025-08-06T16:09:41.620-03:00 DEBUG 24532 --- [library-free] [           main] o.s.web.client.RestTemplate              : Writing [Livro(id=null, titulo=O Senhor dos Anéis, isbn=9788595084759, autor=J.R.R. Tolkien, genero=Alta Fantasia, edicao=Volume Único, publicacao=2019-11-01, editora=HarperCollins Brasil, emprestado=false, emprestimos=[])] as "application/json"
2025-08-06T16:09:41.621-03:00 DEBUG 24532 --- [library-free] [o-auto-4-exec-5] o.s.security.web.FilterChainProxy        : Securing PUT /libraryfree/livros/2
2025-08-06T16:09:41.621-03:00 DEBUG 24532 --- [library-free] [o-auto-4-exec-5] w.c.HttpSessionSecurityContextRepository : Retrieved SecurityContextImpl [Authentication=UsernamePasswordAuthenticationToken [Principal=br.com.libraryfree.library_free.security.UserDetailsImpl@7dce8a4d, Credentials=[PROTECTED], Authenticated=true, Details=null, Granted Authorities=[]]]
2025-08-06T16:09:41.621-03:00 DEBUG 24532 --- [library-free] [o-auto-4-exec-5] o.s.security.web.FilterChainProxy        : Secured PUT /libraryfree/livros/2
2025-08-06T16:09:41.622-03:00 DEBUG 24532 --- [library-free] [o-auto-4-exec-5] o.s.web.servlet.DispatcherServlet        : PUT "/libraryfree/livros/2", parameters={}
2025-08-06T16:09:41.622-03:00 DEBUG 24532 --- [library-free] [o-auto-4-exec-5] s.w.s.m.m.a.RequestMappingHandlerMapping : Mapped to br.com.libraryfree.library_free.controller.LivroController#editLivro(Long, Livro)
2025-08-06T16:09:41.622-03:00 DEBUG 24532 --- [library-free] [o-auto-4-exec-5] m.m.a.RequestResponseBodyMethodProcessor : Read "application/json;charset=UTF-8" to [Livro(id=null, titulo=O Senhor dos Anéis, isbn=9788595084759, autor=J.R.R. Tolkien, genero=Alta Fant (truncated)...]
Hibernate: select l1_0.id,l1_0.autor,l1_0.edicao,l1_0.editora,l1_0.emprestado,l1_0.genero,l1_0.isbn,l1_0.publicacao,l1_0.titulo from livro l1_0 where l1_0.id=?
Hibernate: select l1_0.id,l1_0.autor,l1_0.edicao,l1_0.editora,l1_0.emprestado,l1_0.genero,l1_0.isbn,l1_0.publicacao,l1_0.titulo from livro l1_0 where l1_0.isbn=?
2025-08-06T16:09:41.626-03:00 DEBUG 24532 --- [library-free] [o-auto-4-exec-5] .w.s.m.a.ResponseStatusExceptionResolver : Resolved [org.springframework.web.server.ResponseStatusException: 400 BAD_REQUEST "ISBN já está em uso por outro livro."]
2025-08-06T16:09:41.627-03:00 DEBUG 24532 --- [library-free] [o-auto-4-exec-5] o.s.web.servlet.DispatcherServlet        : Completed 400 BAD_REQUEST
2025-08-06T16:09:41.627-03:00 DEBUG 24532 --- [library-free] [o-auto-4-exec-5] o.s.security.web.FilterChainProxy        : Securing PUT /error
2025-08-06T16:09:41.627-03:00 DEBUG 24532 --- [library-free] [o-auto-4-exec-5] w.c.HttpSessionSecurityContextRepository : Retrieved SecurityContextImpl [Authentication=UsernamePasswordAuthenticationToken [Principal=br.com.libraryfree.library_free.security.UserDetailsImpl@7dce8a4d, Credentials=[PROTECTED], Authenticated=true, Details=null, Granted Authorities=[]]]
2025-08-06T16:09:41.628-03:00 DEBUG 24532 --- [library-free] [o-auto-4-exec-5] o.s.security.web.FilterChainProxy        : Secured PUT /error
2025-08-06T16:09:41.628-03:00 DEBUG 24532 --- [library-free] [o-auto-4-exec-5] o.s.web.servlet.DispatcherServlet        : "ERROR" dispatch for PUT "/error", parameters={}
2025-08-06T16:09:41.628-03:00 DEBUG 24532 --- [library-free] [o-auto-4-exec-5] s.w.s.m.m.a.RequestMappingHandlerMapping : Mapped to org.springframework.boot.autoconfigure.web.servlet.error.BasicErrorController#error(HttpServletRequest)
2025-08-06T16:09:41.628-03:00 DEBUG 24532 --- [library-free] [o-auto-4-exec-5] o.s.w.s.m.m.a.HttpEntityMethodProcessor  : Using 'application/json', given [application/json, application/*+json] and supported [application/json, application/*+json]
2025-08-06T16:09:41.628-03:00 DEBUG 24532 --- [library-free] [o-auto-4-exec-5] o.s.w.s.m.m.a.HttpEntityMethodProcessor  : Writing [{timestamp=Wed Aug 06 16:09:41 GMT-03:00 2025, status=400, error=Bad Request, path=/libraryfree/livr (truncated)...]
2025-08-06T16:09:41.629-03:00 DEBUG 24532 --- [library-free] [o-auto-4-exec-5] o.s.web.servlet.DispatcherServlet        : Exiting from "ERROR" dispatch, status 400
2025-08-06T16:09:41.629-03:00 DEBUG 24532 --- [library-free] [           main] o.s.web.client.RestTemplate              : Response 400 BAD_REQUEST
]]></system-out>
  </testcase>
  <testcase name="shouldCreateLivroWhenIsbnDoesNotExist" classname="br.com.libraryfree.library_free.integration.LivroIntegrationTests" time="0.331">
    <system-out><![CDATA[2025-08-06T16:09:41.633-03:00 DEBUG 24532 --- [library-free] [           main] o.s.web.client.RestTemplate              : HTTP POST http://localhost:36397/libraryfree/auth/login
2025-08-06T16:09:41.633-03:00 DEBUG 24532 --- [library-free] [           main] o.s.web.client.RestTemplate              : Accept=[application/json, application/*+json]
2025-08-06T16:09:41.633-03:00 DEBUG 24532 --- [library-free] [           main] o.s.web.client.RestTemplate              : Writing [LoginDTO[email=admin@libraryfree.com, senha=senha123]] with org.springframework.http.converter.json.MappingJackson2HttpMessageConverter
2025-08-06T16:09:41.638-03:00 DEBUG 24532 --- [library-free] [o-auto-4-exec-6] o.s.security.web.FilterChainProxy        : Securing POST /libraryfree/auth/login
2025-08-06T16:09:41.638-03:00 DEBUG 24532 --- [library-free] [o-auto-4-exec-6] o.s.s.w.a.AnonymousAuthenticationFilter  : Set SecurityContextHolder to anonymous SecurityContext
2025-08-06T16:09:41.638-03:00 DEBUG 24532 --- [library-free] [o-auto-4-exec-6] o.s.security.web.FilterChainProxy        : Secured POST /libraryfree/auth/login
2025-08-06T16:09:41.638-03:00 DEBUG 24532 --- [library-free] [o-auto-4-exec-6] o.s.web.servlet.DispatcherServlet        : POST "/libraryfree/auth/login", parameters={}
2025-08-06T16:09:41.638-03:00 DEBUG 24532 --- [library-free] [o-auto-4-exec-6] s.w.s.m.m.a.RequestMappingHandlerMapping : Mapped to br.com.libraryfree.library_free.controller.BibliotecarioController#login(LoginDTO, HttpServletRequest)
2025-08-06T16:09:41.639-03:00 DEBUG 24532 --- [library-free] [o-auto-4-exec-6] m.m.a.RequestResponseBodyMethodProcessor : Read "application/json;charset=UTF-8" to [LoginDTO[email=admin@libraryfree.com, senha=senha123]]
Hibernate: select b1_0.id,b1_0.email,b1_0.nome,b1_0.senha from bibliotecario b1_0 where b1_0.email=?
2025-08-06T16:09:41.938-03:00 DEBUG 24532 --- [library-free] [o-auto-4-exec-6] o.s.s.a.dao.DaoAuthenticationProvider    : Authenticated user
2025-08-06T16:09:41.939-03:00 DEBUG 24532 --- [library-free] [o-auto-4-exec-6] o.s.w.s.m.m.a.HttpEntityMethodProcessor  : Using 'application/json', given [application/json, application/*+json] and supported [application/json, application/*+json]
2025-08-06T16:09:41.939-03:00 DEBUG 24532 --- [library-free] [o-auto-4-exec-6] o.s.w.s.m.m.a.HttpEntityMethodProcessor  : Writing [BibliotecarioDTO[id=1, nome=Felipe Ferreira, email=admin@libraryfree.com]]
2025-08-06T16:09:41.939-03:00 DEBUG 24532 --- [library-free] [o-auto-4-exec-6] o.s.web.servlet.DispatcherServlet        : Completed 200 OK
2025-08-06T16:09:41.940-03:00 DEBUG 24532 --- [library-free] [           main] o.s.web.client.RestTemplate              : Response 200 OK
2025-08-06T16:09:41.940-03:00 DEBUG 24532 --- [library-free] [           main] o.s.web.client.RestTemplate              : Reading to [br.com.libraryfree.library_free.DTO.BibliotecarioDTO]
2025-08-06T16:09:41.940-03:00 DEBUG 24532 --- [library-free] [           main] o.s.web.client.RestTemplate              : HTTP POST http://localhost:36397/libraryfree/livros
2025-08-06T16:09:41.941-03:00 DEBUG 24532 --- [library-free] [           main] o.s.web.client.RestTemplate              : Accept=[application/json, application/*+json]
2025-08-06T16:09:41.941-03:00 DEBUG 24532 --- [library-free] [           main] o.s.web.client.RestTemplate              : Writing [Livro(id=null, titulo=Rápido e Devagar, isbn=9788539004118, autor=Daniel Kahneman, genero=Psicologia, edicao=1°, publicacao=2012-03-01, editora=Objetiva, emprestado=false, emprestimos=[])] as "application/json"
2025-08-06T16:09:41.942-03:00 DEBUG 24532 --- [library-free] [o-auto-4-exec-7] o.s.security.web.FilterChainProxy        : Securing POST /libraryfree/livros
2025-08-06T16:09:41.942-03:00 DEBUG 24532 --- [library-free] [o-auto-4-exec-7] w.c.HttpSessionSecurityContextRepository : Retrieved SecurityContextImpl [Authentication=UsernamePasswordAuthenticationToken [Principal=br.com.libraryfree.library_free.security.UserDetailsImpl@e08dada, Credentials=[PROTECTED], Authenticated=true, Details=null, Granted Authorities=[]]]
2025-08-06T16:09:41.942-03:00 DEBUG 24532 --- [library-free] [o-auto-4-exec-7] o.s.security.web.FilterChainProxy        : Secured POST /libraryfree/livros
2025-08-06T16:09:41.942-03:00 DEBUG 24532 --- [library-free] [o-auto-4-exec-7] o.s.web.servlet.DispatcherServlet        : POST "/libraryfree/livros", parameters={}
2025-08-06T16:09:41.942-03:00 DEBUG 24532 --- [library-free] [o-auto-4-exec-7] s.w.s.m.m.a.RequestMappingHandlerMapping : Mapped to br.com.libraryfree.library_free.controller.LivroController#createLivro(Livro, UriComponentsBuilder)
2025-08-06T16:09:41.943-03:00 DEBUG 24532 --- [library-free] [o-auto-4-exec-7] m.m.a.RequestResponseBodyMethodProcessor : Read "application/json;charset=UTF-8" to [Livro(id=null, titulo=Rápido e Devagar, isbn=9788539004118, autor=Daniel Kahneman, genero=Psicologia (truncated)...]
Hibernate: select l1_0.id,l1_0.autor,l1_0.edicao,l1_0.editora,l1_0.emprestado,l1_0.genero,l1_0.isbn,l1_0.publicacao,l1_0.titulo from livro l1_0 where l1_0.isbn=?
Hibernate: insert into livro (autor,edicao,editora,emprestado,genero,isbn,publicacao,titulo) values (?,?,?,?,?,?,?,?)
2025-08-06T16:09:41.947-03:00 DEBUG 24532 --- [library-free] [o-auto-4-exec-7] o.s.w.s.m.m.a.HttpEntityMethodProcessor  : Using 'application/json', given [application/json, application/*+json] and supported [application/json, application/*+json]
2025-08-06T16:09:41.947-03:00 DEBUG 24532 --- [library-free] [o-auto-4-exec-7] o.s.w.s.m.m.a.HttpEntityMethodProcessor  : Nothing to write: null body
2025-08-06T16:09:41.947-03:00 DEBUG 24532 --- [library-free] [o-auto-4-exec-7] o.s.web.servlet.DispatcherServlet        : Completed 201 CREATED
2025-08-06T16:09:41.948-03:00 DEBUG 24532 --- [library-free] [           main] o.s.web.client.RestTemplate              : Response 201 CREATED
2025-08-06T16:09:41.948-03:00 DEBUG 24532 --- [library-free] [           main] o.s.web.client.RestTemplate              : HTTP GET http://localhost:36397/libraryfree/livros/5
2025-08-06T16:09:41.948-03:00 DEBUG 24532 --- [library-free] [           main] o.s.web.client.RestTemplate              : Accept=[application/json, application/*+json]
2025-08-06T16:09:41.949-03:00 DEBUG 24532 --- [library-free] [o-auto-4-exec-8] o.s.security.web.FilterChainProxy        : Securing GET /libraryfree/livros/5
2025-08-06T16:09:41.950-03:00 DEBUG 24532 --- [library-free] [o-auto-4-exec-8] w.c.HttpSessionSecurityContextRepository : Retrieved SecurityContextImpl [Authentication=UsernamePasswordAuthenticationToken [Principal=br.com.libraryfree.library_free.security.UserDetailsImpl@e08dada, Credentials=[PROTECTED], Authenticated=true, Details=null, Granted Authorities=[]]]
2025-08-06T16:09:41.950-03:00 DEBUG 24532 --- [library-free] [o-auto-4-exec-8] o.s.security.web.FilterChainProxy        : Secured GET /libraryfree/livros/5
2025-08-06T16:09:41.950-03:00 DEBUG 24532 --- [library-free] [o-auto-4-exec-8] o.s.web.servlet.DispatcherServlet        : GET "/libraryfree/livros/5", parameters={}
2025-08-06T16:09:41.950-03:00 DEBUG 24532 --- [library-free] [o-auto-4-exec-8] s.w.s.m.m.a.RequestMappingHandlerMapping : Mapped to br.com.libraryfree.library_free.controller.LivroController#findById(Long)
Hibernate: select l1_0.id,l1_0.autor,l1_0.edicao,l1_0.editora,l1_0.emprestado,l1_0.genero,l1_0.isbn,l1_0.publicacao,l1_0.titulo from livro l1_0 where l1_0.id=?
2025-08-06T16:09:41.952-03:00 DEBUG 24532 --- [library-free] [o-auto-4-exec-8] o.s.w.s.m.m.a.HttpEntityMethodProcessor  : Using 'application/json', given [application/json, application/*+json] and supported [application/json, application/*+json]
Hibernate: select e1_0.livro_id,e1_0.id,e1_0.aluno_id,a1_0.id,a1_0.ativo,a1_0.cpf,a1_0.matricula,a1_0.nome,e1_0.ativo,e1_0.data_devolucao,e1_0.data_emprestimo,e1_0.prazo_devolucao from aluno_livro e1_0 left join aluno a1_0 on a1_0.id=e1_0.aluno_id where e1_0.livro_id=?
2025-08-06T16:09:41.952-03:00 DEBUG 24532 --- [library-free] [o-auto-4-exec-8] o.s.w.s.m.m.a.HttpEntityMethodProcessor  : Writing [Livro(id=5, titulo=Rápido e Devagar, isbn=9788539004118, autor=Daniel Kahneman, genero=Psicologia, e (truncated)...]
2025-08-06T16:09:41.953-03:00 DEBUG 24532 --- [library-free] [o-auto-4-exec-8] o.s.web.servlet.DispatcherServlet        : Completed 200 OK
2025-08-06T16:09:41.953-03:00 DEBUG 24532 --- [library-free] [           main] o.s.web.client.RestTemplate              : Response 200 OK
2025-08-06T16:09:41.953-03:00 DEBUG 24532 --- [library-free] [           main] o.s.web.client.RestTemplate              : Reading to [br.com.libraryfree.library_free.domain.Livro]
2025-08-06T16:09:41.955-03:00  INFO 24532 --- [library-free] [           main] o.s.b.w.e.tomcat.GracefulShutdown        : Commencing graceful shutdown. Waiting for active requests to complete
2025-08-06T16:09:41.956-03:00  INFO 24532 --- [library-free] [tomcat-shutdown] o.s.b.w.e.tomcat.GracefulShutdown        : Graceful shutdown complete
2025-08-06T16:09:41.958-03:00  INFO 24532 --- [library-free] [           main] j.LocalContainerEntityManagerFactoryBean : Closing JPA EntityManagerFactory for persistence unit 'default'
2025-08-06T16:09:41.958-03:00  INFO 24532 --- [library-free] [           main] com.zaxxer.hikari.HikariDataSource       : HikariPool-4 - Shutdown initiated...
2025-08-06T16:09:41.959-03:00  INFO 24532 --- [library-free] [           main] com.zaxxer.hikari.HikariDataSource       : HikariPool-4 - Shutdown completed.
]]></system-out>
  </testcase>
  <testcase name="shouldReturnAllLivrosWhenAuthenticated" classname="br.com.libraryfree.library_free.integration.LivroIntegrationTests" time="0.523">
    <system-out><![CDATA[
  .   ____          _            __ _ _
 /\\ / ___'_ __ _ _(_)_ __  __ _ \ \ \ \
( ( )\___ | '_ | '_| | '_ \/ _` | \ \ \ \
 \\/  ___)| |_)| | | | | || (_| |  ) ) ) )
  '  |____| .__|_| |_|_| |_\__, | / / / /
 =========|_|==============|___/=/_/_/_/

 :: Spring Boot ::                (v3.5.3)

2025-08-06T16:09:41.988-03:00  INFO 24532 --- [library-free] [           main] b.c.l.l.i.LivroIntegrationTests          : Starting LivroIntegrationTests using Java 24.0.1 with PID 24532 (started by Joao in /home/Joao/Documentos/PI/Minha-Biblioteca/backend)
2025-08-06T16:09:41.989-03:00  INFO 24532 --- [library-free] [           main] b.c.l.l.i.LivroIntegrationTests          : The following 1 profile is active: "test"
2025-08-06T16:09:42.100-03:00  INFO 24532 --- [library-free] [           main] .s.d.r.c.RepositoryConfigurationDelegate : Bootstrapping Spring Data JPA repositories in DEFAULT mode.
2025-08-06T16:09:42.109-03:00  INFO 24532 --- [library-free] [           main] .s.d.r.c.RepositoryConfigurationDelegate : Finished Spring Data repository scanning in 7 ms. Found 4 JPA repository interfaces.
2025-08-06T16:09:42.200-03:00  INFO 24532 --- [library-free] [           main] o.s.b.w.embedded.tomcat.TomcatWebServer  : Tomcat initialized with port 0 (http)
2025-08-06T16:09:42.201-03:00  INFO 24532 --- [library-free] [           main] o.apache.catalina.core.StandardService   : Starting service [Tomcat]
2025-08-06T16:09:42.201-03:00  INFO 24532 --- [library-free] [           main] o.apache.catalina.core.StandardEngine    : Starting Servlet engine: [Apache Tomcat/10.1.42]
2025-08-06T16:09:42.212-03:00  INFO 24532 --- [library-free] [           main] o.a.c.c.C.[Tomcat].[localhost].[/]       : Initializing Spring embedded WebApplicationContext
2025-08-06T16:09:42.212-03:00  INFO 24532 --- [library-free] [           main] w.s.c.ServletWebServerApplicationContext : Root WebApplicationContext: initialization completed in 223 ms
2025-08-06T16:09:42.234-03:00  INFO 24532 --- [library-free] [           main] com.zaxxer.hikari.HikariDataSource       : HikariPool-5 - Starting...
2025-08-06T16:09:42.236-03:00  INFO 24532 --- [library-free] [           main] com.zaxxer.hikari.pool.HikariPool        : HikariPool-5 - Added connection conn40: url=jdbc:h2:mem:testdb user=SA
2025-08-06T16:09:42.237-03:00  INFO 24532 --- [library-free] [           main] com.zaxxer.hikari.HikariDataSource       : HikariPool-5 - Start completed.
2025-08-06T16:09:42.258-03:00  INFO 24532 --- [library-free] [           main] o.hibernate.jpa.internal.util.LogHelper  : HHH000204: Processing PersistenceUnitInfo [name: default]
2025-08-06T16:09:42.260-03:00  INFO 24532 --- [library-free] [           main] o.h.c.internal.RegionFactoryInitiator    : HHH000026: Second-level cache disabled
2025-08-06T16:09:42.267-03:00  INFO 24532 --- [library-free] [           main] o.s.o.j.p.SpringPersistenceUnitInfo      : No LoadTimeWeaver setup: ignoring JPA class transformer
2025-08-06T16:09:42.268-03:00  WARN 24532 --- [library-free] [           main] org.hibernate.dialect.Dialect            : HHH000511: The 2.3.232 version for [org.hibernate.dialect.MariaDBDialect] is no longer supported, hence certain features may not work properly. The minimum supported version is 10.4.0. Check the community dialects project for available legacy versions.
2025-08-06T16:09:42.269-03:00  WARN 24532 --- [library-free] [           main] org.hibernate.orm.deprecation            : HHH90000025: MariaDBDialect does not need to be specified explicitly using 'hibernate.dialect' (remove the property setting and it will be selected by default)
2025-08-06T16:09:42.269-03:00  INFO 24532 --- [library-free] [           main] org.hibernate.orm.connections.pooling    : HHH10001005: Database info:
	Database JDBC URL [Connecting through datasource 'HikariDataSource (HikariPool-5)']
	Database driver: undefined/unknown
	Database version: 2.3.232
	Autocommit mode: undefined/unknown
	Isolation level: undefined/unknown
	Minimum pool size: undefined/unknown
	Maximum pool size: undefined/unknown
2025-08-06T16:09:42.334-03:00  INFO 24532 --- [library-free] [           main] o.h.e.t.j.p.i.JtaPlatformInitiator       : HHH000489: No JTA platform available (set 'hibernate.transaction.jta.platform' to enable JTA platform integration)
2025-08-06T16:09:42.334-03:00  INFO 24532 --- [library-free] [           main] j.LocalContainerEntityManagerFactoryBean : Initialized JPA EntityManagerFactory for persistence unit 'default'
2025-08-06T16:09:42.376-03:00  INFO 24532 --- [library-free] [           main] r$InitializeUserDetailsManagerConfigurer : Global AuthenticationManager configured with UserDetailsService bean with name userDetailsServiceImpl
2025-08-06T16:09:42.399-03:00  WARN 24532 --- [library-free] [           main] JpaBaseConfiguration$JpaWebConfiguration : spring.jpa.open-in-view is enabled by default. Therefore, database queries may be performed during view rendering. Explicitly configure spring.jpa.open-in-view to disable this warning
2025-08-06T16:09:42.446-03:00 DEBUG 24532 --- [library-free] [           main] s.w.s.m.m.a.RequestMappingHandlerMapping : 21 mappings in 'requestMappingHandlerMapping'
2025-08-06T16:09:42.458-03:00 DEBUG 24532 --- [library-free] [           main] o.s.w.s.handler.SimpleUrlHandlerMapping  : Patterns [/webjars/**, /**] in 'resourceHandlerMapping'
2025-08-06T16:09:42.465-03:00 DEBUG 24532 --- [library-free] [           main] o.s.s.web.DefaultSecurityFilterChain     : Will secure any request with filters: DisableEncodeUrlFilter, WebAsyncManagerIntegrationFilter, SecurityContextHolderFilter, HeaderWriterFilter, CorsFilter, LogoutFilter, RequestCacheAwareFilter, SecurityContextHolderAwareRequestFilter, AnonymousAuthenticationFilter, SessionManagementFilter, ExceptionTranslationFilter, AuthorizationFilter
2025-08-06T16:09:42.477-03:00 DEBUG 24532 --- [library-free] [           main] s.w.s.m.m.a.RequestMappingHandlerAdapter : ControllerAdvice beans: 0 @ModelAttribute, 0 @InitBinder, 1 RequestBodyAdvice, 1 ResponseBodyAdvice
2025-08-06T16:09:42.482-03:00 DEBUG 24532 --- [library-free] [           main] .m.m.a.ExceptionHandlerExceptionResolver : ControllerAdvice beans: 0 @ExceptionHandler, 1 ResponseBodyAdvice
2025-08-06T16:09:42.517-03:00  INFO 24532 --- [library-free] [           main] o.s.b.w.embedded.tomcat.TomcatWebServer  : Tomcat started on port 38449 (http) with context path '/'
2025-08-06T16:09:42.519-03:00  INFO 24532 --- [library-free] [           main] b.c.l.l.i.LivroIntegrationTests          : Started LivroIntegrationTests in 0.555 seconds (process running for 21.584)
2025-08-06T16:09:42.524-03:00 DEBUG 24532 --- [library-free] [           main] o.s.web.client.RestTemplate              : HTTP POST http://localhost:38449/libraryfree/auth/login
2025-08-06T16:09:42.526-03:00 DEBUG 24532 --- [library-free] [           main] o.s.web.client.RestTemplate              : Accept=[application/json, application/*+json]
2025-08-06T16:09:42.527-03:00 DEBUG 24532 --- [library-free] [           main] o.s.web.client.RestTemplate              : Writing [LoginDTO[email=admin@libraryfree.com, senha=senha123]] with org.springframework.http.converter.json.MappingJackson2HttpMessageConverter
2025-08-06T16:09:42.530-03:00  INFO 24532 --- [library-free] [o-auto-5-exec-1] o.a.c.c.C.[Tomcat].[localhost].[/]       : Initializing Spring DispatcherServlet 'dispatcherServlet'
2025-08-06T16:09:42.530-03:00  INFO 24532 --- [library-free] [o-auto-5-exec-1] o.s.web.servlet.DispatcherServlet        : Initializing Servlet 'dispatcherServlet'
2025-08-06T16:09:42.530-03:00 DEBUG 24532 --- [library-free] [o-auto-5-exec-1] o.s.web.servlet.DispatcherServlet        : Detected StandardServletMultipartResolver
2025-08-06T16:09:42.530-03:00 DEBUG 24532 --- [library-free] [o-auto-5-exec-1] o.s.web.servlet.DispatcherServlet        : Detected AcceptHeaderLocaleResolver
2025-08-06T16:09:42.530-03:00 DEBUG 24532 --- [library-free] [o-auto-5-exec-1] o.s.web.servlet.DispatcherServlet        : Detected FixedThemeResolver
2025-08-06T16:09:42.531-03:00 DEBUG 24532 --- [library-free] [o-auto-5-exec-1] o.s.web.servlet.DispatcherServlet        : Detected org.springframework.web.servlet.view.DefaultRequestToViewNameTranslator@4064fbdf
2025-08-06T16:09:42.531-03:00 DEBUG 24532 --- [library-free] [o-auto-5-exec-1] o.s.web.servlet.DispatcherServlet        : Detected org.springframework.web.servlet.support.SessionFlashMapManager@620af7f3
2025-08-06T16:09:42.531-03:00 DEBUG 24532 --- [library-free] [o-auto-5-exec-1] o.s.web.servlet.DispatcherServlet        : enableLoggingRequestDetails='false': request parameters and headers will be masked to prevent unsafe logging of potentially sensitive data
2025-08-06T16:09:42.531-03:00  INFO 24532 --- [library-free] [o-auto-5-exec-1] o.s.web.servlet.DispatcherServlet        : Completed initialization in 1 ms
2025-08-06T16:09:42.532-03:00 DEBUG 24532 --- [library-free] [o-auto-5-exec-1] o.s.security.web.FilterChainProxy        : Securing POST /libraryfree/auth/login
2025-08-06T16:09:42.532-03:00 DEBUG 24532 --- [library-free] [o-auto-5-exec-1] o.s.s.w.a.AnonymousAuthenticationFilter  : Set SecurityContextHolder to anonymous SecurityContext
2025-08-06T16:09:42.534-03:00 DEBUG 24532 --- [library-free] [o-auto-5-exec-1] o.s.security.web.FilterChainProxy        : Secured POST /libraryfree/auth/login
2025-08-06T16:09:42.534-03:00 DEBUG 24532 --- [library-free] [o-auto-5-exec-1] o.s.web.servlet.DispatcherServlet        : POST "/libraryfree/auth/login", parameters={}
2025-08-06T16:09:42.534-03:00 DEBUG 24532 --- [library-free] [o-auto-5-exec-1] s.w.s.m.m.a.RequestMappingHandlerMapping : Mapped to br.com.libraryfree.library_free.controller.BibliotecarioController#login(LoginDTO, HttpServletRequest)
2025-08-06T16:09:42.537-03:00 DEBUG 24532 --- [library-free] [o-auto-5-exec-1] m.m.a.RequestResponseBodyMethodProcessor : Read "application/json;charset=UTF-8" to [LoginDTO[email=admin@libraryfree.com, senha=senha123]]
Hibernate: select b1_0.id,b1_0.email,b1_0.nome,b1_0.senha from bibliotecario b1_0 where b1_0.email=?
2025-08-06T16:09:43.021-03:00 DEBUG 24532 --- [library-free] [o-auto-5-exec-1] o.s.s.a.dao.DaoAuthenticationProvider    : Authenticated user
2025-08-06T16:09:43.023-03:00 DEBUG 24532 --- [library-free] [o-auto-5-exec-1] o.s.w.s.m.m.a.HttpEntityMethodProcessor  : Using 'application/json', given [application/json, application/*+json] and supported [application/json, application/*+json]
2025-08-06T16:09:43.023-03:00 DEBUG 24532 --- [library-free] [o-auto-5-exec-1] o.s.w.s.m.m.a.HttpEntityMethodProcessor  : Writing [BibliotecarioDTO[id=1, nome=Felipe Ferreira, email=admin@libraryfree.com]]
2025-08-06T16:09:43.024-03:00 DEBUG 24532 --- [library-free] [o-auto-5-exec-1] o.s.web.servlet.DispatcherServlet        : Completed 200 OK
2025-08-06T16:09:43.025-03:00 DEBUG 24532 --- [library-free] [           main] o.s.web.client.RestTemplate              : Response 200 OK
2025-08-06T16:09:43.025-03:00 DEBUG 24532 --- [library-free] [           main] o.s.web.client.RestTemplate              : Reading to [br.com.libraryfree.library_free.DTO.BibliotecarioDTO]
2025-08-06T16:09:43.026-03:00 DEBUG 24532 --- [library-free] [           main] o.s.web.client.RestTemplate              : HTTP GET http://localhost:38449/libraryfree/livros
2025-08-06T16:09:43.026-03:00 DEBUG 24532 --- [library-free] [           main] o.s.web.client.RestTemplate              : Accept=[application/json, application/*+json]
2025-08-06T16:09:43.028-03:00 DEBUG 24532 --- [library-free] [o-auto-5-exec-2] o.s.security.web.FilterChainProxy        : Securing GET /libraryfree/livros
2025-08-06T16:09:43.028-03:00 DEBUG 24532 --- [library-free] [o-auto-5-exec-2] w.c.HttpSessionSecurityContextRepository : Retrieved SecurityContextImpl [Authentication=UsernamePasswordAuthenticationToken [Principal=br.com.libraryfree.library_free.security.UserDetailsImpl@7c569188, Credentials=[PROTECTED], Authenticated=true, Details=null, Granted Authorities=[]]]
2025-08-06T16:09:43.028-03:00 DEBUG 24532 --- [library-free] [o-auto-5-exec-2] o.s.security.web.FilterChainProxy        : Secured GET /libraryfree/livros
2025-08-06T16:09:43.028-03:00 DEBUG 24532 --- [library-free] [o-auto-5-exec-2] o.s.web.servlet.DispatcherServlet        : GET "/libraryfree/livros", parameters={}
2025-08-06T16:09:43.028-03:00 DEBUG 24532 --- [library-free] [o-auto-5-exec-2] s.w.s.m.m.a.RequestMappingHandlerMapping : Mapped to br.com.libraryfree.library_free.controller.LivroController#findAll()
Hibernate: select l1_0.id,l1_0.autor,l1_0.edicao,l1_0.editora,l1_0.emprestado,l1_0.genero,l1_0.isbn,l1_0.publicacao,l1_0.titulo from livro l1_0
2025-08-06T16:09:43.033-03:00 DEBUG 24532 --- [library-free] [o-auto-5-exec-2] o.s.w.s.m.m.a.HttpEntityMethodProcessor  : Using 'application/json', given [application/json, application/*+json] and supported [application/json, application/*+json]
Hibernate: select e1_0.livro_id,e1_0.id,e1_0.aluno_id,a1_0.id,a1_0.ativo,a1_0.cpf,a1_0.matricula,a1_0.nome,e1_0.ativo,e1_0.data_devolucao,e1_0.data_emprestimo,e1_0.prazo_devolucao from aluno_livro e1_0 left join aluno a1_0 on a1_0.id=e1_0.aluno_id where e1_0.livro_id=?
Hibernate: select e1_0.livro_id,e1_0.id,e1_0.aluno_id,a1_0.id,a1_0.ativo,a1_0.cpf,a1_0.matricula,a1_0.nome,e1_0.ativo,e1_0.data_devolucao,e1_0.data_emprestimo,e1_0.prazo_devolucao from aluno_livro e1_0 left join aluno a1_0 on a1_0.id=e1_0.aluno_id where e1_0.livro_id=?
Hibernate: select e1_0.livro_id,e1_0.id,e1_0.aluno_id,a1_0.id,a1_0.ativo,a1_0.cpf,a1_0.matricula,a1_0.nome,e1_0.ativo,e1_0.data_devolucao,e1_0.data_emprestimo,e1_0.prazo_devolucao from aluno_livro e1_0 left join aluno a1_0 on a1_0.id=e1_0.aluno_id where e1_0.livro_id=?
Hibernate: select e1_0.livro_id,e1_0.id,e1_0.aluno_id,a1_0.id,a1_0.ativo,a1_0.cpf,a1_0.matricula,a1_0.nome,e1_0.ativo,e1_0.data_devolucao,e1_0.data_emprestimo,e1_0.prazo_devolucao from aluno_livro e1_0 left join aluno a1_0 on a1_0.id=e1_0.aluno_id where e1_0.livro_id=?
2025-08-06T16:09:43.035-03:00 DEBUG 24532 --- [library-free] [o-auto-5-exec-2] o.s.w.s.m.m.a.HttpEntityMethodProcessor  : Writing [[Livro(id=1, titulo=O Senhor dos Anéis, isbn=9788595084759, autor=J.R.R. Tolkien, genero=Alta Fantas (truncated)...]
2025-08-06T16:09:43.038-03:00 DEBUG 24532 --- [library-free] [o-auto-5-exec-2] o.s.web.servlet.DispatcherServlet        : Completed 200 OK
2025-08-06T16:09:43.039-03:00 DEBUG 24532 --- [library-free] [           main] o.s.web.client.RestTemplate              : Response 200 OK
2025-08-06T16:09:43.039-03:00 DEBUG 24532 --- [library-free] [           main] o.s.web.client.RestTemplate              : Reading to [java.lang.Iterable<br.com.libraryfree.library_free.domain.Livro>]
]]></system-out>
  </testcase>
  <testcase name="shouldDeleteLivroWhenIdExists" classname="br.com.libraryfree.library_free.integration.LivroIntegrationTests" time="0.382">
    <system-out><![CDATA[2025-08-06T16:09:43.047-03:00 DEBUG 24532 --- [library-free] [           main] o.s.web.client.RestTemplate              : HTTP POST http://localhost:38449/libraryfree/auth/login
2025-08-06T16:09:43.047-03:00 DEBUG 24532 --- [library-free] [           main] o.s.web.client.RestTemplate              : Accept=[application/json, application/*+json]
2025-08-06T16:09:43.048-03:00 DEBUG 24532 --- [library-free] [           main] o.s.web.client.RestTemplate              : Writing [LoginDTO[email=admin@libraryfree.com, senha=senha123]] with org.springframework.http.converter.json.MappingJackson2HttpMessageConverter
2025-08-06T16:09:43.050-03:00 DEBUG 24532 --- [library-free] [o-auto-5-exec-3] o.s.security.web.FilterChainProxy        : Securing POST /libraryfree/auth/login
2025-08-06T16:09:43.050-03:00 DEBUG 24532 --- [library-free] [o-auto-5-exec-3] o.s.s.w.a.AnonymousAuthenticationFilter  : Set SecurityContextHolder to anonymous SecurityContext
2025-08-06T16:09:43.050-03:00 DEBUG 24532 --- [library-free] [o-auto-5-exec-3] o.s.security.web.FilterChainProxy        : Secured POST /libraryfree/auth/login
2025-08-06T16:09:43.050-03:00 DEBUG 24532 --- [library-free] [o-auto-5-exec-3] o.s.web.servlet.DispatcherServlet        : POST "/libraryfree/auth/login", parameters={}
2025-08-06T16:09:43.050-03:00 DEBUG 24532 --- [library-free] [o-auto-5-exec-3] s.w.s.m.m.a.RequestMappingHandlerMapping : Mapped to br.com.libraryfree.library_free.controller.BibliotecarioController#login(LoginDTO, HttpServletRequest)
2025-08-06T16:09:43.051-03:00 DEBUG 24532 --- [library-free] [o-auto-5-exec-3] m.m.a.RequestResponseBodyMethodProcessor : Read "application/json;charset=UTF-8" to [LoginDTO[email=admin@libraryfree.com, senha=senha123]]
Hibernate: select b1_0.id,b1_0.email,b1_0.nome,b1_0.senha from bibliotecario b1_0 where b1_0.email=?
2025-08-06T16:09:43.382-03:00 DEBUG 24532 --- [library-free] [o-auto-5-exec-3] o.s.s.a.dao.DaoAuthenticationProvider    : Authenticated user
2025-08-06T16:09:43.383-03:00 DEBUG 24532 --- [library-free] [o-auto-5-exec-3] o.s.w.s.m.m.a.HttpEntityMethodProcessor  : Using 'application/json', given [application/json, application/*+json] and supported [application/json, application/*+json]
2025-08-06T16:09:43.383-03:00 DEBUG 24532 --- [library-free] [o-auto-5-exec-3] o.s.w.s.m.m.a.HttpEntityMethodProcessor  : Writing [BibliotecarioDTO[id=1, nome=Felipe Ferreira, email=admin@libraryfree.com]]
2025-08-06T16:09:43.383-03:00 DEBUG 24532 --- [library-free] [o-auto-5-exec-3] o.s.web.servlet.DispatcherServlet        : Completed 200 OK
2025-08-06T16:09:43.384-03:00 DEBUG 24532 --- [library-free] [           main] o.s.web.client.RestTemplate              : Response 200 OK
2025-08-06T16:09:43.384-03:00 DEBUG 24532 --- [library-free] [           main] o.s.web.client.RestTemplate              : Reading to [br.com.libraryfree.library_free.DTO.BibliotecarioDTO]
2025-08-06T16:09:43.385-03:00 DEBUG 24532 --- [library-free] [           main] o.s.web.client.RestTemplate              : HTTP DELETE http://localhost:38449/libraryfree/livros/1
2025-08-06T16:09:43.385-03:00 DEBUG 24532 --- [library-free] [           main] o.s.web.client.RestTemplate              : Accept=[application/json, application/*+json]
2025-08-06T16:09:43.387-03:00 DEBUG 24532 --- [library-free] [o-auto-5-exec-4] o.s.security.web.FilterChainProxy        : Securing DELETE /libraryfree/livros/1
2025-08-06T16:09:43.387-03:00 DEBUG 24532 --- [library-free] [o-auto-5-exec-4] w.c.HttpSessionSecurityContextRepository : Retrieved SecurityContextImpl [Authentication=UsernamePasswordAuthenticationToken [Principal=br.com.libraryfree.library_free.security.UserDetailsImpl@336358a8, Credentials=[PROTECTED], Authenticated=true, Details=null, Granted Authorities=[]]]
2025-08-06T16:09:43.387-03:00 DEBUG 24532 --- [library-free] [o-auto-5-exec-4] o.s.security.web.FilterChainProxy        : Secured DELETE /libraryfree/livros/1
2025-08-06T16:09:43.387-03:00 DEBUG 24532 --- [library-free] [o-auto-5-exec-4] o.s.web.servlet.DispatcherServlet        : DELETE "/libraryfree/livros/1", parameters={}
2025-08-06T16:09:43.387-03:00 DEBUG 24532 --- [library-free] [o-auto-5-exec-4] s.w.s.m.m.a.RequestMappingHandlerMapping : Mapped to br.com.libraryfree.library_free.controller.LivroController#deleteLivro(Long)
Hibernate: select count(*) from livro l1_0 where l1_0.id=?
Hibernate: select l1_0.id,l1_0.autor,l1_0.edicao,l1_0.editora,l1_0.emprestado,l1_0.genero,l1_0.isbn,l1_0.publicacao,l1_0.titulo from livro l1_0 where l1_0.id=?
Hibernate: select e1_0.livro_id,e1_0.id,e1_0.aluno_id,a1_0.id,a1_0.ativo,a1_0.cpf,a1_0.matricula,a1_0.nome,e1_0.ativo,e1_0.data_devolucao,e1_0.data_emprestimo,e1_0.prazo_devolucao from aluno_livro e1_0 left join aluno a1_0 on a1_0.id=e1_0.aluno_id where e1_0.livro_id=?
Hibernate: delete from aluno_livro where id=?
Hibernate: delete from livro where id=?
2025-08-06T16:09:43.395-03:00 DEBUG 24532 --- [library-free] [o-auto-5-exec-4] o.s.w.s.m.m.a.HttpEntityMethodProcessor  : Using 'application/json', given [application/json, application/*+json] and supported [application/json, application/*+json]
2025-08-06T16:09:43.395-03:00 DEBUG 24532 --- [library-free] [o-auto-5-exec-4] o.s.w.s.m.m.a.HttpEntityMethodProcessor  : Nothing to write: null body
2025-08-06T16:09:43.395-03:00 DEBUG 24532 --- [library-free] [o-auto-5-exec-4] o.s.web.servlet.DispatcherServlet        : Completed 204 NO_CONTENT
2025-08-06T16:09:43.396-03:00 DEBUG 24532 --- [library-free] [           main] o.s.web.client.RestTemplate              : Response 204 NO_CONTENT
2025-08-06T16:09:43.397-03:00 DEBUG 24532 --- [library-free] [           main] o.s.web.client.RestTemplate              : HTTP GET http://localhost:38449/libraryfree/livros/1
2025-08-06T16:09:43.400-03:00 DEBUG 24532 --- [library-free] [           main] o.s.web.client.RestTemplate              : Accept=[application/json, application/*+json]
2025-08-06T16:09:43.402-03:00 DEBUG 24532 --- [library-free] [o-auto-5-exec-5] o.s.security.web.FilterChainProxy        : Securing GET /libraryfree/livros/1
2025-08-06T16:09:43.403-03:00 DEBUG 24532 --- [library-free] [o-auto-5-exec-5] w.c.HttpSessionSecurityContextRepository : Retrieved SecurityContextImpl [Authentication=UsernamePasswordAuthenticationToken [Principal=br.com.libraryfree.library_free.security.UserDetailsImpl@336358a8, Credentials=[PROTECTED], Authenticated=true, Details=null, Granted Authorities=[]]]
2025-08-06T16:09:43.403-03:00 DEBUG 24532 --- [library-free] [o-auto-5-exec-5] o.s.security.web.FilterChainProxy        : Secured GET /libraryfree/livros/1
2025-08-06T16:09:43.403-03:00 DEBUG 24532 --- [library-free] [o-auto-5-exec-5] o.s.web.servlet.DispatcherServlet        : GET "/libraryfree/livros/1", parameters={}
2025-08-06T16:09:43.403-03:00 DEBUG 24532 --- [library-free] [o-auto-5-exec-5] s.w.s.m.m.a.RequestMappingHandlerMapping : Mapped to br.com.libraryfree.library_free.controller.LivroController#findById(Long)
Hibernate: select l1_0.id,l1_0.autor,l1_0.edicao,l1_0.editora,l1_0.emprestado,l1_0.genero,l1_0.isbn,l1_0.publicacao,l1_0.titulo from livro l1_0 where l1_0.id=?
2025-08-06T16:09:43.406-03:00 DEBUG 24532 --- [library-free] [o-auto-5-exec-5] .w.s.m.a.ResponseStatusExceptionResolver : Resolved [org.springframework.web.server.ResponseStatusException: 404 NOT_FOUND "Livro não encontrado."]
2025-08-06T16:09:43.406-03:00 DEBUG 24532 --- [library-free] [o-auto-5-exec-5] o.s.web.servlet.DispatcherServlet        : Completed 404 NOT_FOUND
2025-08-06T16:09:43.407-03:00 DEBUG 24532 --- [library-free] [o-auto-5-exec-5] o.s.security.web.FilterChainProxy        : Securing GET /error
2025-08-06T16:09:43.407-03:00 DEBUG 24532 --- [library-free] [o-auto-5-exec-5] w.c.HttpSessionSecurityContextRepository : Retrieved SecurityContextImpl [Authentication=UsernamePasswordAuthenticationToken [Principal=br.com.libraryfree.library_free.security.UserDetailsImpl@336358a8, Credentials=[PROTECTED], Authenticated=true, Details=null, Granted Authorities=[]]]
2025-08-06T16:09:43.407-03:00 DEBUG 24532 --- [library-free] [o-auto-5-exec-5] o.s.security.web.FilterChainProxy        : Secured GET /error
2025-08-06T16:09:43.407-03:00 DEBUG 24532 --- [library-free] [o-auto-5-exec-5] o.s.web.servlet.DispatcherServlet        : "ERROR" dispatch for GET "/error", parameters={}
2025-08-06T16:09:43.408-03:00 DEBUG 24532 --- [library-free] [o-auto-5-exec-5] s.w.s.m.m.a.RequestMappingHandlerMapping : Mapped to org.springframework.boot.autoconfigure.web.servlet.error.BasicErrorController#error(HttpServletRequest)
2025-08-06T16:09:43.409-03:00 DEBUG 24532 --- [library-free] [o-auto-5-exec-5] o.s.w.s.m.m.a.HttpEntityMethodProcessor  : Using 'application/json', given [application/json, application/*+json] and supported [application/json, application/*+json]
2025-08-06T16:09:43.409-03:00 DEBUG 24532 --- [library-free] [o-auto-5-exec-5] o.s.w.s.m.m.a.HttpEntityMethodProcessor  : Writing [{timestamp=Wed Aug 06 16:09:43 GMT-03:00 2025, status=404, error=Not Found, path=/libraryfree/livros (truncated)...]
2025-08-06T16:09:43.411-03:00 DEBUG 24532 --- [library-free] [o-auto-5-exec-5] o.s.web.servlet.DispatcherServlet        : Exiting from "ERROR" dispatch, status 404
2025-08-06T16:09:43.411-03:00 DEBUG 24532 --- [library-free] [           main] o.s.web.client.RestTemplate              : Response 404 NOT_FOUND
2025-08-06T16:09:43.411-03:00 DEBUG 24532 --- [library-free] [           main] o.s.web.client.RestTemplate              : Reading to [br.com.libraryfree.library_free.domain.Livro]
2025-08-06T16:09:43.414-03:00  INFO 24532 --- [library-free] [           main] o.s.b.w.e.tomcat.GracefulShutdown        : Commencing graceful shutdown. Waiting for active requests to complete
2025-08-06T16:09:43.417-03:00  INFO 24532 --- [library-free] [tomcat-shutdown] o.s.b.w.e.tomcat.GracefulShutdown        : Graceful shutdown complete
2025-08-06T16:09:43.422-03:00  INFO 24532 --- [library-free] [           main] j.LocalContainerEntityManagerFactoryBean : Closing JPA EntityManagerFactory for persistence unit 'default'
2025-08-06T16:09:43.423-03:00  INFO 24532 --- [library-free] [           main] com.zaxxer.hikari.HikariDataSource       : HikariPool-5 - Shutdown initiated...
2025-08-06T16:09:43.425-03:00  INFO 24532 --- [library-free] [           main] com.zaxxer.hikari.HikariDataSource       : HikariPool-5 - Shutdown completed.
]]></system-out>
  </testcase>
  <testcase name="shouldUpdateLivroWhenIdExistsAndIsbnIsUnique" classname="br.com.libraryfree.library_free.integration.LivroIntegrationTests" time="0.517">
    <system-out><![CDATA[
  .   ____          _            __ _ _
 /\\ / ___'_ __ _ _(_)_ __  __ _ \ \ \ \
( ( )\___ | '_ | '_| | '_ \/ _` | \ \ \ \
 \\/  ___)| |_)| | | | | || (_| |  ) ) ) )
  '  |____| .__|_| |_|_| |_\__, | / / / /
 =========|_|==============|___/=/_/_/_/

 :: Spring Boot ::                (v3.5.3)

2025-08-06T16:09:43.451-03:00  INFO 24532 --- [library-free] [           main] b.c.l.l.i.LivroIntegrationTests          : Starting LivroIntegrationTests using Java 24.0.1 with PID 24532 (started by Joao in /home/Joao/Documentos/PI/Minha-Biblioteca/backend)
2025-08-06T16:09:43.451-03:00  INFO 24532 --- [library-free] [           main] b.c.l.l.i.LivroIntegrationTests          : The following 1 profile is active: "test"
2025-08-06T16:09:43.533-03:00  INFO 24532 --- [library-free] [           main] .s.d.r.c.RepositoryConfigurationDelegate : Bootstrapping Spring Data JPA repositories in DEFAULT mode.
2025-08-06T16:09:43.540-03:00  INFO 24532 --- [library-free] [           main] .s.d.r.c.RepositoryConfigurationDelegate : Finished Spring Data repository scanning in 5 ms. Found 4 JPA repository interfaces.
2025-08-06T16:09:43.579-03:00  INFO 24532 --- [library-free] [           main] o.s.b.w.embedded.tomcat.TomcatWebServer  : Tomcat initialized with port 0 (http)
2025-08-06T16:09:43.579-03:00  INFO 24532 --- [library-free] [           main] o.apache.catalina.core.StandardService   : Starting service [Tomcat]
2025-08-06T16:09:43.580-03:00  INFO 24532 --- [library-free] [           main] o.apache.catalina.core.StandardEngine    : Starting Servlet engine: [Apache Tomcat/10.1.42]
2025-08-06T16:09:43.585-03:00  INFO 24532 --- [library-free] [           main] o.a.c.c.C.[Tomcat].[localhost].[/]       : Initializing Spring embedded WebApplicationContext
2025-08-06T16:09:43.585-03:00  INFO 24532 --- [library-free] [           main] w.s.c.ServletWebServerApplicationContext : Root WebApplicationContext: initialization completed in 133 ms
2025-08-06T16:09:43.598-03:00  INFO 24532 --- [library-free] [           main] com.zaxxer.hikari.HikariDataSource       : HikariPool-6 - Starting...
2025-08-06T16:09:43.600-03:00  INFO 24532 --- [library-free] [           main] com.zaxxer.hikari.pool.HikariPool        : HikariPool-6 - Added connection conn50: url=jdbc:h2:mem:testdb user=SA
2025-08-06T16:09:43.600-03:00  INFO 24532 --- [library-free] [           main] com.zaxxer.hikari.HikariDataSource       : HikariPool-6 - Start completed.
2025-08-06T16:09:43.615-03:00  INFO 24532 --- [library-free] [           main] o.hibernate.jpa.internal.util.LogHelper  : HHH000204: Processing PersistenceUnitInfo [name: default]
2025-08-06T16:09:43.616-03:00  INFO 24532 --- [library-free] [           main] o.h.c.internal.RegionFactoryInitiator    : HHH000026: Second-level cache disabled
2025-08-06T16:09:43.623-03:00  INFO 24532 --- [library-free] [           main] o.s.o.j.p.SpringPersistenceUnitInfo      : No LoadTimeWeaver setup: ignoring JPA class transformer
2025-08-06T16:09:43.625-03:00  WARN 24532 --- [library-free] [           main] org.hibernate.dialect.Dialect            : HHH000511: The 2.3.232 version for [org.hibernate.dialect.MariaDBDialect] is no longer supported, hence certain features may not work properly. The minimum supported version is 10.4.0. Check the community dialects project for available legacy versions.
2025-08-06T16:09:43.625-03:00  WARN 24532 --- [library-free] [           main] org.hibernate.orm.deprecation            : HHH90000025: MariaDBDialect does not need to be specified explicitly using 'hibernate.dialect' (remove the property setting and it will be selected by default)
2025-08-06T16:09:43.626-03:00  INFO 24532 --- [library-free] [           main] org.hibernate.orm.connections.pooling    : HHH10001005: Database info:
	Database JDBC URL [Connecting through datasource 'HikariDataSource (HikariPool-6)']
	Database driver: undefined/unknown
	Database version: 2.3.232
	Autocommit mode: undefined/unknown
	Isolation level: undefined/unknown
	Minimum pool size: undefined/unknown
	Maximum pool size: undefined/unknown
2025-08-06T16:09:43.666-03:00  INFO 24532 --- [library-free] [           main] o.h.e.t.j.p.i.JtaPlatformInitiator       : HHH000489: No JTA platform available (set 'hibernate.transaction.jta.platform' to enable JTA platform integration)
2025-08-06T16:09:43.666-03:00  INFO 24532 --- [library-free] [           main] j.LocalContainerEntityManagerFactoryBean : Initialized JPA EntityManagerFactory for persistence unit 'default'
2025-08-06T16:09:43.716-03:00  INFO 24532 --- [library-free] [           main] r$InitializeUserDetailsManagerConfigurer : Global AuthenticationManager configured with UserDetailsService bean with name userDetailsServiceImpl
2025-08-06T16:09:43.753-03:00  WARN 24532 --- [library-free] [           main] JpaBaseConfiguration$JpaWebConfiguration : spring.jpa.open-in-view is enabled by default. Therefore, database queries may be performed during view rendering. Explicitly configure spring.jpa.open-in-view to disable this warning
2025-08-06T16:09:43.803-03:00 DEBUG 24532 --- [library-free] [           main] s.w.s.m.m.a.RequestMappingHandlerMapping : 21 mappings in 'requestMappingHandlerMapping'
2025-08-06T16:09:43.815-03:00 DEBUG 24532 --- [library-free] [           main] o.s.w.s.handler.SimpleUrlHandlerMapping  : Patterns [/webjars/**, /**] in 'resourceHandlerMapping'
2025-08-06T16:09:43.818-03:00 DEBUG 24532 --- [library-free] [           main] o.s.s.web.DefaultSecurityFilterChain     : Will secure any request with filters: DisableEncodeUrlFilter, WebAsyncManagerIntegrationFilter, SecurityContextHolderFilter, HeaderWriterFilter, CorsFilter, LogoutFilter, RequestCacheAwareFilter, SecurityContextHolderAwareRequestFilter, AnonymousAuthenticationFilter, SessionManagementFilter, ExceptionTranslationFilter, AuthorizationFilter
2025-08-06T16:09:43.827-03:00 DEBUG 24532 --- [library-free] [           main] s.w.s.m.m.a.RequestMappingHandlerAdapter : ControllerAdvice beans: 0 @ModelAttribute, 0 @InitBinder, 1 RequestBodyAdvice, 1 ResponseBodyAdvice
2025-08-06T16:09:43.830-03:00 DEBUG 24532 --- [library-free] [           main] .m.m.a.ExceptionHandlerExceptionResolver : ControllerAdvice beans: 0 @ExceptionHandler, 1 ResponseBodyAdvice
2025-08-06T16:09:43.849-03:00  INFO 24532 --- [library-free] [           main] o.s.b.w.embedded.tomcat.TomcatWebServer  : Tomcat started on port 37163 (http) with context path '/'
2025-08-06T16:09:43.853-03:00  INFO 24532 --- [library-free] [           main] b.c.l.l.i.LivroIntegrationTests          : Started LivroIntegrationTests in 0.422 seconds (process running for 22.918)
2025-08-06T16:09:43.858-03:00 DEBUG 24532 --- [library-free] [           main] o.s.web.client.RestTemplate              : HTTP POST http://localhost:37163/libraryfree/auth/login
2025-08-06T16:09:43.860-03:00 DEBUG 24532 --- [library-free] [           main] o.s.web.client.RestTemplate              : Accept=[application/json, application/*+json]
2025-08-06T16:09:43.861-03:00 DEBUG 24532 --- [library-free] [           main] o.s.web.client.RestTemplate              : Writing [LoginDTO[email=admin@libraryfree.com, senha=senha123]] with org.springframework.http.converter.json.MappingJackson2HttpMessageConverter
2025-08-06T16:09:43.866-03:00  INFO 24532 --- [library-free] [o-auto-6-exec-1] o.a.c.c.C.[Tomcat].[localhost].[/]       : Initializing Spring DispatcherServlet 'dispatcherServlet'
2025-08-06T16:09:43.866-03:00  INFO 24532 --- [library-free] [o-auto-6-exec-1] o.s.web.servlet.DispatcherServlet        : Initializing Servlet 'dispatcherServlet'
2025-08-06T16:09:43.866-03:00 DEBUG 24532 --- [library-free] [o-auto-6-exec-1] o.s.web.servlet.DispatcherServlet        : Detected StandardServletMultipartResolver
2025-08-06T16:09:43.866-03:00 DEBUG 24532 --- [library-free] [o-auto-6-exec-1] o.s.web.servlet.DispatcherServlet        : Detected AcceptHeaderLocaleResolver
2025-08-06T16:09:43.866-03:00 DEBUG 24532 --- [library-free] [o-auto-6-exec-1] o.s.web.servlet.DispatcherServlet        : Detected FixedThemeResolver
2025-08-06T16:09:43.868-03:00 DEBUG 24532 --- [library-free] [o-auto-6-exec-1] o.s.web.servlet.DispatcherServlet        : Detected org.springframework.web.servlet.view.DefaultRequestToViewNameTranslator@59c82fb6
2025-08-06T16:09:43.868-03:00 DEBUG 24532 --- [library-free] [o-auto-6-exec-1] o.s.web.servlet.DispatcherServlet        : Detected org.springframework.web.servlet.support.SessionFlashMapManager@968ebd0
2025-08-06T16:09:43.868-03:00 DEBUG 24532 --- [library-free] [o-auto-6-exec-1] o.s.web.servlet.DispatcherServlet        : enableLoggingRequestDetails='false': request parameters and headers will be masked to prevent unsafe logging of potentially sensitive data
2025-08-06T16:09:43.868-03:00  INFO 24532 --- [library-free] [o-auto-6-exec-1] o.s.web.servlet.DispatcherServlet        : Completed initialization in 2 ms
2025-08-06T16:09:43.869-03:00 DEBUG 24532 --- [library-free] [o-auto-6-exec-1] o.s.security.web.FilterChainProxy        : Securing POST /libraryfree/auth/login
2025-08-06T16:09:43.870-03:00 DEBUG 24532 --- [library-free] [o-auto-6-exec-1] o.s.s.w.a.AnonymousAuthenticationFilter  : Set SecurityContextHolder to anonymous SecurityContext
2025-08-06T16:09:43.871-03:00 DEBUG 24532 --- [library-free] [o-auto-6-exec-1] o.s.security.web.FilterChainProxy        : Secured POST /libraryfree/auth/login
2025-08-06T16:09:43.871-03:00 DEBUG 24532 --- [library-free] [o-auto-6-exec-1] o.s.web.servlet.DispatcherServlet        : POST "/libraryfree/auth/login", parameters={}
2025-08-06T16:09:43.871-03:00 DEBUG 24532 --- [library-free] [o-auto-6-exec-1] s.w.s.m.m.a.RequestMappingHandlerMapping : Mapped to br.com.libraryfree.library_free.controller.BibliotecarioController#login(LoginDTO, HttpServletRequest)
2025-08-06T16:09:43.874-03:00 DEBUG 24532 --- [library-free] [o-auto-6-exec-1] m.m.a.RequestResponseBodyMethodProcessor : Read "application/json;charset=UTF-8" to [LoginDTO[email=admin@libraryfree.com, senha=senha123]]
Hibernate: select b1_0.id,b1_0.email,b1_0.nome,b1_0.senha from bibliotecario b1_0 where b1_0.email=?
2025-08-06T16:09:44.338-03:00 DEBUG 24532 --- [library-free] [o-auto-6-exec-1] o.s.s.a.dao.DaoAuthenticationProvider    : Authenticated user
2025-08-06T16:09:44.339-03:00 DEBUG 24532 --- [library-free] [o-auto-6-exec-1] o.s.w.s.m.m.a.HttpEntityMethodProcessor  : Using 'application/json', given [application/json, application/*+json] and supported [application/json, application/*+json]
2025-08-06T16:09:44.339-03:00 DEBUG 24532 --- [library-free] [o-auto-6-exec-1] o.s.w.s.m.m.a.HttpEntityMethodProcessor  : Writing [BibliotecarioDTO[id=1, nome=Felipe Ferreira, email=admin@libraryfree.com]]
2025-08-06T16:09:44.340-03:00 DEBUG 24532 --- [library-free] [o-auto-6-exec-1] o.s.web.servlet.DispatcherServlet        : Completed 200 OK
2025-08-06T16:09:44.341-03:00 DEBUG 24532 --- [library-free] [           main] o.s.web.client.RestTemplate              : Response 200 OK
2025-08-06T16:09:44.341-03:00 DEBUG 24532 --- [library-free] [           main] o.s.web.client.RestTemplate              : Reading to [br.com.libraryfree.library_free.DTO.BibliotecarioDTO]
2025-08-06T16:09:44.342-03:00 DEBUG 24532 --- [library-free] [           main] o.s.web.client.RestTemplate              : HTTP PUT http://localhost:37163/libraryfree/livros/1
2025-08-06T16:09:44.342-03:00 DEBUG 24532 --- [library-free] [           main] o.s.web.client.RestTemplate              : Accept=[application/json, application/*+json]
2025-08-06T16:09:44.343-03:00 DEBUG 24532 --- [library-free] [           main] o.s.web.client.RestTemplate              : Writing [Livro(id=null, titulo=Rápido e Devagar, isbn=9788539004118, autor=Daniel Kahneman, genero=Psicologia, edicao=1°, publicacao=2012-03-01, editora=Objetiva, emprestado=false, emprestimos=[])] as "application/json"
2025-08-06T16:09:44.344-03:00 DEBUG 24532 --- [library-free] [o-auto-6-exec-2] o.s.security.web.FilterChainProxy        : Securing PUT /libraryfree/livros/1
2025-08-06T16:09:44.345-03:00 DEBUG 24532 --- [library-free] [o-auto-6-exec-2] w.c.HttpSessionSecurityContextRepository : Retrieved SecurityContextImpl [Authentication=UsernamePasswordAuthenticationToken [Principal=br.com.libraryfree.library_free.security.UserDetailsImpl@4c7f25a7, Credentials=[PROTECTED], Authenticated=true, Details=null, Granted Authorities=[]]]
2025-08-06T16:09:44.345-03:00 DEBUG 24532 --- [library-free] [o-auto-6-exec-2] o.s.security.web.FilterChainProxy        : Secured PUT /libraryfree/livros/1
2025-08-06T16:09:44.345-03:00 DEBUG 24532 --- [library-free] [o-auto-6-exec-2] o.s.web.servlet.DispatcherServlet        : PUT "/libraryfree/livros/1", parameters={}
2025-08-06T16:09:44.345-03:00 DEBUG 24532 --- [library-free] [o-auto-6-exec-2] s.w.s.m.m.a.RequestMappingHandlerMapping : Mapped to br.com.libraryfree.library_free.controller.LivroController#editLivro(Long, Livro)
2025-08-06T16:09:44.348-03:00 DEBUG 24532 --- [library-free] [o-auto-6-exec-2] m.m.a.RequestResponseBodyMethodProcessor : Read "application/json;charset=UTF-8" to [Livro(id=null, titulo=Rápido e Devagar, isbn=9788539004118, autor=Daniel Kahneman, genero=Psicologia (truncated)...]
Hibernate: select l1_0.id,l1_0.autor,l1_0.edicao,l1_0.editora,l1_0.emprestado,l1_0.genero,l1_0.isbn,l1_0.publicacao,l1_0.titulo from livro l1_0 where l1_0.id=?
Hibernate: select l1_0.id,l1_0.autor,l1_0.edicao,l1_0.editora,l1_0.emprestado,l1_0.genero,l1_0.isbn,l1_0.publicacao,l1_0.titulo from livro l1_0 where l1_0.isbn=?
Hibernate: update livro set autor=?,edicao=?,editora=?,emprestado=?,genero=?,isbn=?,publicacao=?,titulo=? where id=?
2025-08-06T16:09:44.355-03:00 DEBUG 24532 --- [library-free] [o-auto-6-exec-2] o.s.w.s.m.m.a.HttpEntityMethodProcessor  : Using 'application/json', given [application/json, application/*+json] and supported [application/json, application/*+json]
2025-08-06T16:09:44.355-03:00 DEBUG 24532 --- [library-free] [o-auto-6-exec-2] o.s.w.s.m.m.a.HttpEntityMethodProcessor  : Nothing to write: null body
2025-08-06T16:09:44.356-03:00 DEBUG 24532 --- [library-free] [o-auto-6-exec-2] o.s.web.servlet.DispatcherServlet        : Completed 204 NO_CONTENT
2025-08-06T16:09:44.357-03:00 DEBUG 24532 --- [library-free] [           main] o.s.web.client.RestTemplate              : Response 204 NO_CONTENT
2025-08-06T16:09:44.357-03:00 DEBUG 24532 --- [library-free] [           main] o.s.web.client.RestTemplate              : HTTP GET http://localhost:37163/libraryfree/livros/1
2025-08-06T16:09:44.360-03:00 DEBUG 24532 --- [library-free] [           main] o.s.web.client.RestTemplate              : Accept=[application/json, application/*+json]
2025-08-06T16:09:44.361-03:00 DEBUG 24532 --- [library-free] [o-auto-6-exec-3] o.s.security.web.FilterChainProxy        : Securing GET /libraryfree/livros/1
2025-08-06T16:09:44.362-03:00 DEBUG 24532 --- [library-free] [o-auto-6-exec-3] w.c.HttpSessionSecurityContextRepository : Retrieved SecurityContextImpl [Authentication=UsernamePasswordAuthenticationToken [Principal=br.com.libraryfree.library_free.security.UserDetailsImpl@4c7f25a7, Credentials=[PROTECTED], Authenticated=true, Details=null, Granted Authorities=[]]]
2025-08-06T16:09:44.362-03:00 DEBUG 24532 --- [library-free] [o-auto-6-exec-3] o.s.security.web.FilterChainProxy        : Secured GET /libraryfree/livros/1
2025-08-06T16:09:44.362-03:00 DEBUG 24532 --- [library-free] [o-auto-6-exec-3] o.s.web.servlet.DispatcherServlet        : GET "/libraryfree/livros/1", parameters={}
2025-08-06T16:09:44.362-03:00 DEBUG 24532 --- [library-free] [o-auto-6-exec-3] s.w.s.m.m.a.RequestMappingHandlerMapping : Mapped to br.com.libraryfree.library_free.controller.LivroController#findById(Long)
Hibernate: select l1_0.id,l1_0.autor,l1_0.edicao,l1_0.editora,l1_0.emprestado,l1_0.genero,l1_0.isbn,l1_0.publicacao,l1_0.titulo from livro l1_0 where l1_0.id=?
2025-08-06T16:09:44.365-03:00 DEBUG 24532 --- [library-free] [o-auto-6-exec-3] o.s.w.s.m.m.a.HttpEntityMethodProcessor  : Using 'application/json', given [application/json, application/*+json] and supported [application/json, application/*+json]
Hibernate: select e1_0.livro_id,e1_0.id,e1_0.aluno_id,a1_0.id,a1_0.ativo,a1_0.cpf,a1_0.matricula,a1_0.nome,e1_0.ativo,e1_0.data_devolucao,e1_0.data_emprestimo,e1_0.prazo_devolucao from aluno_livro e1_0 left join aluno a1_0 on a1_0.id=e1_0.aluno_id where e1_0.livro_id=?
2025-08-06T16:09:44.367-03:00 DEBUG 24532 --- [library-free] [o-auto-6-exec-3] o.s.w.s.m.m.a.HttpEntityMethodProcessor  : Writing [Livro(id=1, titulo=Rápido e Devagar, isbn=9788539004118, autor=Daniel Kahneman, genero=Psicologia, e (truncated)...]
2025-08-06T16:09:44.370-03:00 DEBUG 24532 --- [library-free] [o-auto-6-exec-3] o.s.web.servlet.DispatcherServlet        : Completed 200 OK
2025-08-06T16:09:44.370-03:00 DEBUG 24532 --- [library-free] [           main] o.s.web.client.RestTemplate              : Response 200 OK
2025-08-06T16:09:44.370-03:00 DEBUG 24532 --- [library-free] [           main] o.s.web.client.RestTemplate              : Reading to [br.com.libraryfree.library_free.domain.Livro]
]]></system-out>
  </testcase>
</testsuite>